#
# There is insufficient memory for the Java Runtime Environment to continue.
# Native memory allocation (malloc) failed to allocate 32744 bytes for Chunk::new
# Possible reasons:
#   The system is out of physical RAM or swap space
#   The process is running with CompressedOops enabled, and the Java Heap may be blocking the growth of the native heap
# Possible solutions:
#   Reduce memory load on the system
#   Increase physical memory or swap space
#   Check if swap backing store is full
#   Decrease Java heap size (-Xmx/-Xms)
#   Decrease number of Java threads
#   Decrease Java thread stack sizes (-Xss)
#   Set larger code cache with -XX:ReservedCodeCacheSize=
#   JVM is running with Unscaled Compressed Oops mode in which the Java heap is
#     placed in the first 4GB address space. The Java Heap base address is the
#     maximum limit for the native heap growth. Please use -XX:HeapBaseMinAddress
#     to set the Java Heap base and to place the Java Heap above 4GB virtual address.
# This output file may be truncated or incomplete.
#
#  Out of Memory Error (arena.cpp:184), pid=18572, tid=18640
#
# JRE version: Java(TM) SE Runtime Environment (20.0+36) (build 20+36-2344)
# Java VM: Java HotSpot(TM) 64-Bit Server VM (20+36-2344, mixed mode, tiered, compressed oops, compressed class ptrs, g1 gc, windows-amd64)
# No core dump will be written. Minidumps are not enabled by default on client versions of Windows
#

---------------  S U M M A R Y ------------

Command Line: -Dfile.encoding=UTF-8 -Djava.security.policy=applet.policy --module-path=C:\Users\DELL\Documents\NetBeansProjects\bank management system1\build\classes bank.management.system1.Signupone

Host: Intel(R) Core(TM) i3-7020U CPU @ 2.30GHz, 4 cores, 3G,  Windows 10 , 64 bit Build 19041 (10.0.19041.2546)
Time: Wed Apr 12 01:24:38 2023 India Standard Time elapsed time: 0.275235 seconds (0d 0h 0m 0s)

---------------  T H R E A D  ---------------

Current thread (0x000001aff67e9480):  JavaThread "main" [_thread_in_vm, id=18640, stack(0x0000000a95f00000,0x0000000a96000000)]

Stack: [0x0000000a95f00000,0x0000000a96000000]
Native frames: (J=compiled Java code, j=interpreted, Vv=VM code, C=native code)
V  [jvm.dll+0x6bb95a]
V  [jvm.dll+0x8483aa]
V  [jvm.dll+0x849fa5]
V  [jvm.dll+0x84a6a3]
V  [jvm.dll+0x280b0f]
V  [jvm.dll+0xc2b11]
V  [jvm.dll+0xc2e35]
V  [jvm.dll+0xd042d]
V  [jvm.dll+0x710f34]
V  [jvm.dll+0x710ca9]
V  [jvm.dll+0x711368]
V  [jvm.dll+0x7107b5]
V  [jvm.dll+0x7112ef]
V  [jvm.dll+0x3c8207]
V  [jvm.dll+0x3c72a7]
V  [jvm.dll+0x3c7248]
V  [jvm.dll+0x3d853a]
C  0x000001af8755f756

Java frames: (J=compiled Java code, j=interpreted, Vv=VM code)
j  java.util.concurrent.ConcurrentHashMap.computeIfAbsent(Ljava/lang/Object;Ljava/util/function/Function;)Ljava/lang/Object;+79 java.base@20
j  java.lang.invoke.ClassSpecializer.findSpecies(Ljava/lang/Object;)Ljava/lang/invoke/ClassSpecializer$SpeciesData;+8 java.base@20
j  java.lang.invoke.ClassSpecializer.<init>(Ljava/lang/Class;Ljava/lang/Class;Ljava/lang/Class;Ljava/lang/invoke/MethodType;Ljava/lang/invoke/MemberName;Ljava/lang/String;Ljava/util/List;)V+93 java.base@20
j  java.lang.invoke.BoundMethodHandle$Specializer.<init>()V+32 java.base@20
j  java.lang.invoke.BoundMethodHandle.<clinit>()V+20 java.base@20
v  ~StubRoutines::call_stub 0x000001af8753100d
j  java.lang.invoke.DirectMethodHandle.rebind()Ljava/lang/invoke/BoundMethodHandle;+1 java.base@20
j  java.lang.invoke.MethodHandles.dropArgumentsTrusted(Ljava/lang/invoke/MethodHandle;I[Ljava/lang/Class;)Ljava/lang/invoke/MethodHandle;+29 java.base@20
j  java.lang.invoke.MethodHandles.dropArguments(Ljava/lang/invoke/MethodHandle;I[Ljava/lang/Class;)Ljava/lang/invoke/MethodHandle;+9 java.base@20
j  jdk.internal.reflect.MethodHandleAccessorFactory.makeSpecializedTarget(Ljava/lang/invoke/MethodHandle;ZZ)Ljava/lang/invoke/MethodHandle;+86 java.base@20
j  jdk.internal.reflect.MethodHandleAccessorFactory.getDirectMethod(Ljava/lang/reflect/Method;Z)Ljava/lang/invoke/MethodHandle;+79 java.base@20
j  jdk.internal.reflect.MethodHandleAccessorFactory.newMethodAccessor(Ljava/lang/reflect/Method;Z)Ljdk/internal/reflect/MethodAccessorImpl;+41 java.base@20
j  jdk.internal.reflect.ReflectionFactory.newMethodAccessor(Ljava/lang/reflect/Method;Z)Ljdk/internal/reflect/MethodAccessor;+28 java.base@20
j  java.lang.reflect.Method.acquireMethodAccessor()Ljdk/internal/reflect/MethodAccessor;+38 java.base@20
j  java.lang.reflect.Method.invoke(Ljava/lang/Object;[Ljava/lang/Object;)Ljava/lang/Object;+75 java.base@20
j  java.lang.Class.getEnumConstantsShared()[Ljava/lang/Object;+49 java.base@20
j  java.lang.System$2.getEnumConstantsShared(Ljava/lang/Class;)[Ljava/lang/Enum;+1 java.base@20
j  java.util.EnumMap.getKeyUniverse(Ljava/lang/Class;)[Ljava/lang/Enum;+4 java.base@20
j  java.util.EnumMap.<init>(Ljava/lang/Class;)V+16 java.base@20
j  java.util.stream.StreamOpFlag.set(Ljava/util/stream/StreamOpFlag$Type;)Ljava/util/stream/StreamOpFlag$MaskBuilder;+10 java.base@20
j  java.util.stream.StreamOpFlag.<clinit>()V+11 java.base@20
v  ~StubRoutines::call_stub 0x000001af8753100d
j  java.util.stream.StreamSupport.stream(Ljava/util/Spliterator;Z)Ljava/util/stream/Stream;+11 java.base@20
j  java.util.Collection.stream()Ljava/util/stream/Stream;+7 java.base@20
j  jdk.internal.module.DefaultRoots.compute(Ljava/lang/module/ModuleFinder;Ljava/lang/module/ModuleFinder;)Ljava/util/Set;+6 java.base@20
j  jdk.internal.module.ModuleBootstrap.boot2()Ljava/lang/ModuleLayer;+727 java.base@20
j  jdk.internal.module.ModuleBootstrap.boot()Ljava/lang/ModuleLayer;+64 java.base@20
j  java.lang.System.initPhase2(ZZ)I+0 java.base@20
v  ~StubRoutines::call_stub 0x000001af8753100d

---------------  P R O C E S S  ---------------

Threads class SMR info:
_java_thread_list=0x000001af913f14e0, length=9, elements={
0x000001aff67e9480, 0x000001af913f3a80, 0x000001af913f4880, 0x000001af91411be0,
0x000001af91412520, 0x000001af91413270, 0x000001af913f82e0, 0x000001af913fc060,
0x000001af9141dfc0
}

Java Threads: ( => current thread )
=>0x000001aff67e9480 JavaThread "main" [_thread_in_vm, id=18640, stack(0x0000000a95f00000,0x0000000a96000000)]
  0x000001af913f3a80 JavaThread "Reference Handler" daemon [_thread_blocked, id=18668, stack(0x0000000a96600000,0x0000000a96700000)]
  0x000001af913f4880 JavaThread "Finalizer" daemon [_thread_blocked, id=18672, stack(0x0000000a96700000,0x0000000a96800000)]
  0x000001af91411be0 JavaThread "Signal Dispatcher" daemon [_thread_blocked, id=18676, stack(0x0000000a96800000,0x0000000a96900000)]
  0x000001af91412520 JavaThread "Attach Listener" daemon [_thread_blocked, id=18680, stack(0x0000000a96900000,0x0000000a96a00000)]
  0x000001af91413270 JavaThread "Service Thread" daemon [_thread_blocked, id=18684, stack(0x0000000a96a00000,0x0000000a96b00000)]
  0x000001af913f82e0 JavaThread "Monitor Deflation Thread" daemon [_thread_blocked, id=18688, stack(0x0000000a96b00000,0x0000000a96c00000)]
  0x000001af913fc060 JavaThread "C2 CompilerThread0" daemon [_thread_blocked, id=18692, stack(0x0000000a96c00000,0x0000000a96d00000)]
  0x000001af9141dfc0 JavaThread "C1 CompilerThread0" daemon [_thread_blocked, id=18696, stack(0x0000000a96d00000,0x0000000a96e00000)]

Other Threads:
  0x000001af9138c050 VMThread "VM Thread" [stack: 0x0000000a96500000,0x0000000a96600000] [id=18664]
  0x000001aff6829460 WorkerThread "GC Thread#0" [stack: 0x0000000a96000000,0x0000000a96100000] [id=18644]
  0x000001aff6831f70 ConcurrentGCThread "G1 Main Marker" [stack: 0x0000000a96100000,0x0000000a96200000] [id=18648]
  0x000001aff6832b40 WorkerThread "G1 Conc#0" [stack: 0x0000000a96200000,0x0000000a96300000] [id=18652]
  0x000001aff68894c0 ConcurrentGCThread "G1 Refine#0" [stack: 0x0000000a96300000,0x0000000a96400000] [id=18656]
  0x000001aff6889f60 ConcurrentGCThread "G1 Service" [stack: 0x0000000a96400000,0x0000000a96500000] [id=18660]

Threads with active compile tasks:

VM state: not at safepoint (normal execution)

VM Mutex/Monitor currently owned by a thread: None

Heap address: 0x00000000c2000000, size: 992 MB, Compressed Oops mode: 32-bit

CDS archive(s) not mapped
Compressed class space mapped at: 0x0000000100000000-0x0000000140000000, reserved size: 1073741824
Narrow klass base: 0x0000000000000000, Narrow klass shift: 3, Narrow klass range: 0x140000000

GC Precious Log:
 CardTable entry size: 512
 Card Set container configuration: InlinePtr #cards 5 size 8 Array Of Cards #cards 12 size 40 Howl #buckets 4 coarsen threshold 1843 Howl Bitmap #cards 512 size 80 coarsen threshold 460 Card regions per heap region 1 cards per card region 2048
 CPUs: 4 total, 4 available
 Memory: 3962M
 Large Page Support: Disabled
 NUMA Support: Disabled
 Compressed Oops: Enabled (32-bit)
 Heap Region Size: 1M
 Heap Min Capacity: 8M
 Heap Initial Capacity: 62M
 Heap Max Capacity: 992M
 Pre-touch: Disabled
 Parallel Workers: 4
 Concurrent Workers: 1
 Concurrent Refinement Workers: 4
 Periodic GC: Disabled

Heap:
 garbage-first heap   total 63488K, used 1024K [0x00000000c2000000, 0x0000000100000000)
  region size 1024K, 2 young (2048K), 0 survivors (0K)
 Metaspace       used 4728K, committed 4800K, reserved 1114112K
  class space    used 362K, committed 384K, reserved 1048576K

Heap Regions: E=young(eden), S=young(survivor), O=old, HS=humongous(starts), HC=humongous(continues), CS=collection set, F=free, OA=open archive, CA=closed archive, TAMS=top-at-mark-start, PB=parsable bottom
|   0|0x00000000c2000000, 0x00000000c2000000, 0x00000000c2100000|  0%| F|  |TAMS 0x00000000c2000000| PB 0x00000000c2000000| Untracked 
|   1|0x00000000c2100000, 0x00000000c2100000, 0x00000000c2200000|  0%| F|  |TAMS 0x00000000c2100000| PB 0x00000000c2100000| Untracked 
|   2|0x00000000c2200000, 0x00000000c2200000, 0x00000000c2300000|  0%| F|  |TAMS 0x00000000c2200000| PB 0x00000000c2200000| Untracked 
|   3|0x00000000c2300000, 0x00000000c2300000, 0x00000000c2400000|  0%| F|  |TAMS 0x00000000c2300000| PB 0x00000000c2300000| Untracked 
|   4|0x00000000c2400000, 0x00000000c2400000, 0x00000000c2500000|  0%| F|  |TAMS 0x00000000c2400000| PB 0x00000000c2400000| Untracked 
|   5|0x00000000c2500000, 0x00000000c2500000, 0x00000000c2600000|  0%| F|  |TAMS 0x00000000c2500000| PB 0x00000000c2500000| Untracked 
|   6|0x00000000c2600000, 0x00000000c2600000, 0x00000000c2700000|  0%| F|  |TAMS 0x00000000c2600000| PB 0x00000000c2600000| Untracked 
|   7|0x00000000c2700000, 0x00000000c2700000, 0x00000000c2800000|  0%| F|  |TAMS 0x00000000c2700000| PB 0x00000000c2700000| Untracked 
|   8|0x00000000c2800000, 0x00000000c2800000, 0x00000000c2900000|  0%| F|  |TAMS 0x00000000c2800000| PB 0x00000000c2800000| Untracked 
|   9|0x00000000c2900000, 0x00000000c2900000, 0x00000000c2a00000|  0%| F|  |TAMS 0x00000000c2900000| PB 0x00000000c2900000| Untracked 
|  10|0x00000000c2a00000, 0x00000000c2a00000, 0x00000000c2b00000|  0%| F|  |TAMS 0x00000000c2a00000| PB 0x00000000c2a00000| Untracked 
|  11|0x00000000c2b00000, 0x00000000c2b00000, 0x00000000c2c00000|  0%| F|  |TAMS 0x00000000c2b00000| PB 0x00000000c2b00000| Untracked 
|  12|0x00000000c2c00000, 0x00000000c2c00000, 0x00000000c2d00000|  0%| F|  |TAMS 0x00000000c2c00000| PB 0x00000000c2c00000| Untracked 
|  13|0x00000000c2d00000, 0x00000000c2d00000, 0x00000000c2e00000|  0%| F|  |TAMS 0x00000000c2d00000| PB 0x00000000c2d00000| Untracked 
|  14|0x00000000c2e00000, 0x00000000c2e00000, 0x00000000c2f00000|  0%| F|  |TAMS 0x00000000c2e00000| PB 0x00000000c2e00000| Untracked 
|  15|0x00000000c2f00000, 0x00000000c2f00000, 0x00000000c3000000|  0%| F|  |TAMS 0x00000000c2f00000| PB 0x00000000c2f00000| Untracked 
|  16|0x00000000c3000000, 0x00000000c3000000, 0x00000000c3100000|  0%| F|  |TAMS 0x00000000c3000000| PB 0x00000000c3000000| Untracked 
|  17|0x00000000c3100000, 0x00000000c3100000, 0x00000000c3200000|  0%| F|  |TAMS 0x00000000c3100000| PB 0x00000000c3100000| Untracked 
|  18|0x00000000c3200000, 0x00000000c3200000, 0x00000000c3300000|  0%| F|  |TAMS 0x00000000c3200000| PB 0x00000000c3200000| Untracked 
|  19|0x00000000c3300000, 0x00000000c3300000, 0x00000000c3400000|  0%| F|  |TAMS 0x00000000c3300000| PB 0x00000000c3300000| Untracked 
|  20|0x00000000c3400000, 0x00000000c3400000, 0x00000000c3500000|  0%| F|  |TAMS 0x00000000c3400000| PB 0x00000000c3400000| Untracked 
|  21|0x00000000c3500000, 0x00000000c3500000, 0x00000000c3600000|  0%| F|  |TAMS 0x00000000c3500000| PB 0x00000000c3500000| Untracked 
|  22|0x00000000c3600000, 0x00000000c3600000, 0x00000000c3700000|  0%| F|  |TAMS 0x00000000c3600000| PB 0x00000000c3600000| Untracked 
|  23|0x00000000c3700000, 0x00000000c3700000, 0x00000000c3800000|  0%| F|  |TAMS 0x00000000c3700000| PB 0x00000000c3700000| Untracked 
|  24|0x00000000c3800000, 0x00000000c3800000, 0x00000000c3900000|  0%| F|  |TAMS 0x00000000c3800000| PB 0x00000000c3800000| Untracked 
|  25|0x00000000c3900000, 0x00000000c3900000, 0x00000000c3a00000|  0%| F|  |TAMS 0x00000000c3900000| PB 0x00000000c3900000| Untracked 
|  26|0x00000000c3a00000, 0x00000000c3a00000, 0x00000000c3b00000|  0%| F|  |TAMS 0x00000000c3a00000| PB 0x00000000c3a00000| Untracked 
|  27|0x00000000c3b00000, 0x00000000c3b00000, 0x00000000c3c00000|  0%| F|  |TAMS 0x00000000c3b00000| PB 0x00000000c3b00000| Untracked 
|  28|0x00000000c3c00000, 0x00000000c3c00000, 0x00000000c3d00000|  0%| F|  |TAMS 0x00000000c3c00000| PB 0x00000000c3c00000| Untracked 
|  29|0x00000000c3d00000, 0x00000000c3d00000, 0x00000000c3e00000|  0%| F|  |TAMS 0x00000000c3d00000| PB 0x00000000c3d00000| Untracked 
|  30|0x00000000c3e00000, 0x00000000c3e00000, 0x00000000c3f00000|  0%| F|  |TAMS 0x00000000c3e00000| PB 0x00000000c3e00000| Untracked 
|  31|0x00000000c3f00000, 0x00000000c3f00000, 0x00000000c4000000|  0%| F|  |TAMS 0x00000000c3f00000| PB 0x00000000c3f00000| Untracked 
|  32|0x00000000c4000000, 0x00000000c4000000, 0x00000000c4100000|  0%| F|  |TAMS 0x00000000c4000000| PB 0x00000000c4000000| Untracked 
|  33|0x00000000c4100000, 0x00000000c4100000, 0x00000000c4200000|  0%| F|  |TAMS 0x00000000c4100000| PB 0x00000000c4100000| Untracked 
|  34|0x00000000c4200000, 0x00000000c4200000, 0x00000000c4300000|  0%| F|  |TAMS 0x00000000c4200000| PB 0x00000000c4200000| Untracked 
|  35|0x00000000c4300000, 0x00000000c4300000, 0x00000000c4400000|  0%| F|  |TAMS 0x00000000c4300000| PB 0x00000000c4300000| Untracked 
|  36|0x00000000c4400000, 0x00000000c4400000, 0x00000000c4500000|  0%| F|  |TAMS 0x00000000c4400000| PB 0x00000000c4400000| Untracked 
|  37|0x00000000c4500000, 0x00000000c4500000, 0x00000000c4600000|  0%| F|  |TAMS 0x00000000c4500000| PB 0x00000000c4500000| Untracked 
|  38|0x00000000c4600000, 0x00000000c4600000, 0x00000000c4700000|  0%| F|  |TAMS 0x00000000c4600000| PB 0x00000000c4600000| Untracked 
|  39|0x00000000c4700000, 0x00000000c4700000, 0x00000000c4800000|  0%| F|  |TAMS 0x00000000c4700000| PB 0x00000000c4700000| Untracked 
|  40|0x00000000c4800000, 0x00000000c4800000, 0x00000000c4900000|  0%| F|  |TAMS 0x00000000c4800000| PB 0x00000000c4800000| Untracked 
|  41|0x00000000c4900000, 0x00000000c4900000, 0x00000000c4a00000|  0%| F|  |TAMS 0x00000000c4900000| PB 0x00000000c4900000| Untracked 
|  42|0x00000000c4a00000, 0x00000000c4a00000, 0x00000000c4b00000|  0%| F|  |TAMS 0x00000000c4a00000| PB 0x00000000c4a00000| Untracked 
|  43|0x00000000c4b00000, 0x00000000c4b00000, 0x00000000c4c00000|  0%| F|  |TAMS 0x00000000c4b00000| PB 0x00000000c4b00000| Untracked 
|  44|0x00000000c4c00000, 0x00000000c4c00000, 0x00000000c4d00000|  0%| F|  |TAMS 0x00000000c4c00000| PB 0x00000000c4c00000| Untracked 
|  45|0x00000000c4d00000, 0x00000000c4d00000, 0x00000000c4e00000|  0%| F|  |TAMS 0x00000000c4d00000| PB 0x00000000c4d00000| Untracked 
|  46|0x00000000c4e00000, 0x00000000c4e00000, 0x00000000c4f00000|  0%| F|  |TAMS 0x00000000c4e00000| PB 0x00000000c4e00000| Untracked 
|  47|0x00000000c4f00000, 0x00000000c4f00000, 0x00000000c5000000|  0%| F|  |TAMS 0x00000000c4f00000| PB 0x00000000c4f00000| Untracked 
|  48|0x00000000c5000000, 0x00000000c5000000, 0x00000000c5100000|  0%| F|  |TAMS 0x00000000c5000000| PB 0x00000000c5000000| Untracked 
|  49|0x00000000c5100000, 0x00000000c5100000, 0x00000000c5200000|  0%| F|  |TAMS 0x00000000c5100000| PB 0x00000000c5100000| Untracked 
|  50|0x00000000c5200000, 0x00000000c5200000, 0x00000000c5300000|  0%| F|  |TAMS 0x00000000c5200000| PB 0x00000000c5200000| Untracked 
|  51|0x00000000c5300000, 0x00000000c5300000, 0x00000000c5400000|  0%| F|  |TAMS 0x00000000c5300000| PB 0x00000000c5300000| Untracked 
|  52|0x00000000c5400000, 0x00000000c5400000, 0x00000000c5500000|  0%| F|  |TAMS 0x00000000c5400000| PB 0x00000000c5400000| Untracked 
|  53|0x00000000c5500000, 0x00000000c5500000, 0x00000000c5600000|  0%| F|  |TAMS 0x00000000c5500000| PB 0x00000000c5500000| Untracked 
|  54|0x00000000c5600000, 0x00000000c5600000, 0x00000000c5700000|  0%| F|  |TAMS 0x00000000c5600000| PB 0x00000000c5600000| Untracked 
|  55|0x00000000c5700000, 0x00000000c5700000, 0x00000000c5800000|  0%| F|  |TAMS 0x00000000c5700000| PB 0x00000000c5700000| Untracked 
|  56|0x00000000c5800000, 0x00000000c5800000, 0x00000000c5900000|  0%| F|  |TAMS 0x00000000c5800000| PB 0x00000000c5800000| Untracked 
|  57|0x00000000c5900000, 0x00000000c5900000, 0x00000000c5a00000|  0%| F|  |TAMS 0x00000000c5900000| PB 0x00000000c5900000| Untracked 
|  58|0x00000000c5a00000, 0x00000000c5a00000, 0x00000000c5b00000|  0%| F|  |TAMS 0x00000000c5a00000| PB 0x00000000c5a00000| Untracked 
|  59|0x00000000c5b00000, 0x00000000c5b00000, 0x00000000c5c00000|  0%| F|  |TAMS 0x00000000c5b00000| PB 0x00000000c5b00000| Untracked 
|  60|0x00000000c5c00000, 0x00000000c5c00800, 0x00000000c5d00000|  0%| E|  |TAMS 0x00000000c5c00000| PB 0x00000000c5c00000| Complete 
|  61|0x00000000c5d00000, 0x00000000c5e00000, 0x00000000c5e00000|100%| E|CS|TAMS 0x00000000c5d00000| PB 0x00000000c5d00000| Complete 

Card table byte_map: [0x000001affeaa0000,0x000001affec90000] _byte_map_base: 0x000001affe490000

Marking Bits: (CMBitMap*) 0x000001aff6829a90
 Bits: [0x000001affee80000, 0x000001afffe00000)

Polling page: 0x000001aff5fc0000

Metaspace:

Usage:
  Non-class:      4.26 MB used.
      Class:    362.19 KB used.
       Both:      4.62 MB used.

Virtual space:
  Non-class space:       64.00 MB reserved,       4.31 MB (  7%) committed,  1 nodes.
      Class space:        1.00 GB reserved,     384.00 KB ( <1%) committed,  1 nodes.
             Both:        1.06 GB reserved,       4.69 MB ( <1%) committed. 

Chunk freelists:
   Non-Class:  3.00 MB
       Class:  3.62 MB
        Both:  6.62 MB

MaxMetaspaceSize: unlimited
CompressedClassSpaceSize: 1.00 GB
Initial GC threshold: 21.00 MB
Current GC threshold: 21.00 MB
CDS: off
MetaspaceReclaimPolicy: balanced
 - commit_granule_bytes: 65536.
 - commit_granule_words: 8192.
 - virtual_space_node_default_size: 8388608.
 - enlarge_chunks_in_place: 1.
 - new_chunks_are_fully_committed: 0.
 - uncommit_free_chunks: 1.
 - use_allocation_guard: 0.


Internal statistics:

num_allocs_failed_limit: 0.
num_arena_births: 2.
num_arena_deaths: 0.
num_vsnodes_births: 2.
num_vsnodes_deaths: 0.
num_space_committed: 75.
num_space_uncommitted: 0.
num_chunks_returned_to_freelist: 0.
num_chunks_taken_from_freelist: 5.
num_chunk_merges: 0.
num_chunk_splits: 2.
num_chunks_enlarged: 0.
num_inconsistent_stats: 0.

CodeHeap 'non-profiled nmethods': size=120000Kb used=5Kb max_used=5Kb free=119995Kb
 bounds [0x000001af87ad0000, 0x000001af87d40000, 0x000001af8f000000]
CodeHeap 'profiled nmethods': size=120000Kb used=53Kb max_used=53Kb free=119947Kb
 bounds [0x000001af80000000, 0x000001af80270000, 0x000001af87530000]
CodeHeap 'non-nmethods': size=5760Kb used=1260Kb max_used=1260Kb free=4499Kb
 bounds [0x000001af87530000, 0x000001af877a0000, 0x000001af87ad0000]
 total_blobs=365 nmethods=37 adapters=239
 compilation: enabled
              stopped_count=0, restarted_count=0
 full_count=0

Compilation events (20 events):
Event: 0.218 Thread 0x000001af9141dfc0 nmethod 21 0x000001af87ad0710 code [0x000001af87ad0880, 0x000001af87ad0948]
Event: 0.219 Thread 0x000001af9141dfc0   23       1       java.lang.module.ModuleReference::descriptor (5 bytes)
Event: 0.219 Thread 0x000001af9141dfc0 nmethod 23 0x000001af87ad0a10 code [0x000001af87ad0b80, 0x000001af87ad0c48]
Event: 0.219 Thread 0x000001af9141dfc0   24       3       java.net.URI::hash (33 bytes)
Event: 0.219 Thread 0x000001af9141dfc0 nmethod 24 0x000001af80006d10 code [0x000001af80006f00, 0x000001af80007398]
Event: 0.225 Thread 0x000001af9141dfc0   25       3       java.lang.String::isEmpty (14 bytes)
Event: 0.225 Thread 0x000001af9141dfc0 nmethod 25 0x000001af80007590 code [0x000001af80007720, 0x000001af80007898]
Event: 0.227 Thread 0x000001af9141dfc0   26       3       java.lang.StringLatin1::indexOfChar (33 bytes)
Event: 0.227 Thread 0x000001af9141dfc0 nmethod 26 0x000001af80007990 code [0x000001af80007b20, 0x000001af80007d58]
Event: 0.233 Thread 0x000001af9141dfc0   27       3       java.lang.String::isLatin1 (19 bytes)
Event: 0.234 Thread 0x000001af9141dfc0 nmethod 27 0x000001af80007e90 code [0x000001af80008020, 0x000001af800081a0]
Event: 0.237 Thread 0x000001af9141dfc0   28       3       java.util.ImmutableCollections$SetN$SetNIterator::hasNext (13 bytes)
Event: 0.237 Thread 0x000001af9141dfc0 nmethod 28 0x000001af80008210 code [0x000001af800083a0, 0x000001af80008510]
Event: 0.237 Thread 0x000001af9141dfc0   29       3       java.util.concurrent.ConcurrentHashMap::tabAt (22 bytes)
Event: 0.237 Thread 0x000001af9141dfc0 nmethod 29 0x000001af80008590 code [0x000001af80008720, 0x000001af800089f0]
Event: 0.237 Thread 0x000001af9141dfc0   31       3       java.util.ImmutableCollections$SetN$SetNIterator::next (90 bytes)
Event: 0.238 Thread 0x000001af9141dfc0 nmethod 31 0x000001af80008b10 code [0x000001af80008cc0, 0x000001af80008fd0]
Event: 0.238 Thread 0x000001af9141dfc0   30       3       jdk.internal.misc.Unsafe::getReferenceAcquire (7 bytes)
Event: 0.238 Thread 0x000001af9141dfc0 nmethod 30 0x000001af80009110 code [0x000001af800092a0, 0x000001af80009408]
Event: 0.268 Thread 0x000001af9141dfc0   34   !   3       java.util.concurrent.ConcurrentHashMap::putVal (432 bytes)

GC Heap History (0 events):
No events

Dll operation events (2 events):
Event: 0.013 Loaded shared library C:\Program Files\Java\jdk-20\bin\java.dll
Event: 0.087 Loaded shared library C:\Program Files\Java\jdk-20\bin\jsvml.dll

Deoptimization events (0 events):
No events

Classes loaded (20 events):
Event: 0.264 Loading class java/lang/invoke/InvokerBytecodeGenerator$2
Event: 0.264 Loading class java/lang/invoke/InvokerBytecodeGenerator$2 done
Event: 0.264 Loading class java/lang/invoke/MethodHandleImpl$Intrinsic
Event: 0.265 Loading class java/lang/invoke/MethodHandleImpl$Intrinsic done
Event: 0.265 Loading class java/lang/invoke/BoundMethodHandle
Event: 0.266 Loading class java/lang/invoke/BoundMethodHandle done
Event: 0.266 Loading class java/lang/invoke/BoundMethodHandle$Specializer
Event: 0.266 Loading class java/lang/invoke/ClassSpecializer
Event: 0.267 Loading class java/lang/invoke/ClassSpecializer done
Event: 0.267 Loading class java/lang/invoke/BoundMethodHandle$Specializer done
Event: 0.267 Loading class java/lang/invoke/ClassSpecializer$1
Event: 0.267 Loading class java/lang/invoke/ClassSpecializer$1 done
Event: 0.267 Loading class java/lang/invoke/BoundMethodHandle$SpeciesData
Event: 0.267 Loading class java/lang/invoke/ClassSpecializer$SpeciesData
Event: 0.268 Loading class java/lang/invoke/ClassSpecializer$SpeciesData done
Event: 0.268 Loading class java/lang/invoke/BoundMethodHandle$SpeciesData done
Event: 0.269 Loading class java/lang/invoke/BoundMethodHandle$Specializer$Factory
Event: 0.269 Loading class java/lang/invoke/ClassSpecializer$Factory
Event: 0.270 Loading class java/lang/invoke/ClassSpecializer$Factory done
Event: 0.270 Loading class java/lang/invoke/BoundMethodHandle$Specializer$Factory done

Classes unloaded (0 events):
No events

Classes redefined (0 events):
No events

Internal exceptions (0 events):
No events

VM Operations (0 events):
No events

Events (9 events):
Event: 0.087 Thread 0x000001aff67e9480 Thread added: 0x000001aff67e9480
Event: 0.154 Thread 0x000001af913f3a80 Thread added: 0x000001af913f3a80
Event: 0.155 Thread 0x000001af913f4880 Thread added: 0x000001af913f4880
Event: 0.158 Thread 0x000001af91411be0 Thread added: 0x000001af91411be0
Event: 0.158 Thread 0x000001af91412520 Thread added: 0x000001af91412520
Event: 0.158 Thread 0x000001af91413270 Thread added: 0x000001af91413270
Event: 0.158 Thread 0x000001af913f82e0 Thread added: 0x000001af913f82e0
Event: 0.158 Thread 0x000001af913fc060 Thread added: 0x000001af913fc060
Event: 0.158 Thread 0x000001af9141dfc0 Thread added: 0x000001af9141dfc0


Dynamic libraries:
0x00007ff79e6d0000 - 0x00007ff79e6e0000 	C:\Program Files\Java\jdk-20\bin\java.exe
0x00007ffc75fb0000 - 0x00007ffc761a8000 	C:\WINDOWS\SYSTEM32\ntdll.dll
0x00007ffc74e50000 - 0x00007ffc74f0f000 	C:\WINDOWS\System32\KERNEL32.DLL
0x00007ffc73ae0000 - 0x00007ffc73db2000 	C:\WINDOWS\System32\KERNELBASE.dll
0x00007ffc73f00000 - 0x00007ffc74000000 	C:\WINDOWS\System32\ucrtbase.dll
0x00007ffc5b9f0000 - 0x00007ffc5ba0b000 	C:\Program Files\Java\jdk-20\bin\VCRUNTIME140.dll
0x00007ffc6db40000 - 0x00007ffc6db59000 	C:\Program Files\Java\jdk-20\bin\jli.dll
0x00007ffc74060000 - 0x00007ffc7410e000 	C:\WINDOWS\System32\ADVAPI32.dll
0x00007ffc75ba0000 - 0x00007ffc75c3e000 	C:\WINDOWS\System32\msvcrt.dll
0x00007ffc75900000 - 0x00007ffc7599c000 	C:\WINDOWS\System32\sechost.dll
0x00007ffc74110000 - 0x00007ffc74234000 	C:\WINDOWS\System32\RPCRT4.dll
0x00007ffc74b50000 - 0x00007ffc74cf1000 	C:\WINDOWS\System32\USER32.dll
0x00007ffc627e0000 - 0x00007ffc62a7a000 	C:\WINDOWS\WinSxS\amd64_microsoft.windows.common-controls_6595b64144ccf1df_6.0.19041.1110_none_60b5254171f9507e\COMCTL32.dll
0x00007ffc736b0000 - 0x00007ffc736d2000 	C:\WINDOWS\System32\win32u.dll
0x00007ffc75c70000 - 0x00007ffc75c9b000 	C:\WINDOWS\System32\GDI32.dll
0x00007ffc736e0000 - 0x00007ffc737ef000 	C:\WINDOWS\System32\gdi32full.dll
0x00007ffc73a40000 - 0x00007ffc73add000 	C:\WINDOWS\System32\msvcp_win.dll
0x00007ffc6d4c0000 - 0x00007ffc6d4ca000 	C:\WINDOWS\SYSTEM32\VERSION.dll
0x00007ffc75c40000 - 0x00007ffc75c70000 	C:\WINDOWS\System32\IMM32.DLL
0x00007ffc6b970000 - 0x00007ffc6b97c000 	C:\Program Files\Java\jdk-20\bin\vcruntime140_1.dll
0x00007ffc4c1c0000 - 0x00007ffc4c24e000 	C:\Program Files\Java\jdk-20\bin\msvcp140.dll
0x00007ffc0f970000 - 0x00007ffc10607000 	C:\Program Files\Java\jdk-20\bin\server\jvm.dll
0x00007ffc6dc90000 - 0x00007ffc6dcb7000 	C:\WINDOWS\SYSTEM32\WINMM.dll
0x00007ffc5e890000 - 0x00007ffc5e899000 	C:\WINDOWS\SYSTEM32\WSOCK32.dll
0x00007ffc75140000 - 0x00007ffc751ab000 	C:\WINDOWS\System32\WS2_32.dll
0x00007ffc71f00000 - 0x00007ffc71f12000 	C:\WINDOWS\SYSTEM32\kernel.appcore.dll
0x00007ffc63690000 - 0x00007ffc6369a000 	C:\Program Files\Java\jdk-20\bin\jimage.dll
0x00007ffc71bc0000 - 0x00007ffc71da4000 	C:\WINDOWS\SYSTEM32\DBGHELP.DLL
0x00007ffc63440000 - 0x00007ffc63475000 	C:\WINDOWS\SYSTEM32\dbgcore.DLL
0x00007ffc73dc0000 - 0x00007ffc73e42000 	C:\WINDOWS\System32\bcryptPrimitives.dll
0x00007ffc4fa70000 - 0x00007ffc4fa96000 	C:\Program Files\Java\jdk-20\bin\java.dll
0x00007ffc4a090000 - 0x00007ffc4a167000 	C:\Program Files\Java\jdk-20\bin\jsvml.dll
0x00007ffc751b0000 - 0x00007ffc758f5000 	C:\WINDOWS\System32\SHELL32.dll
0x00007ffc71420000 - 0x00007ffc71bb2000 	C:\WINDOWS\SYSTEM32\windows.storage.dll
0x00007ffc74240000 - 0x00007ffc74595000 	C:\WINDOWS\System32\combase.dll
0x00007ffc73030000 - 0x00007ffc73060000 	C:\WINDOWS\SYSTEM32\Wldp.dll
0x00007ffc75e30000 - 0x00007ffc75edd000 	C:\WINDOWS\System32\SHCORE.dll
0x00007ffc75dd0000 - 0x00007ffc75e25000 	C:\WINDOWS\System32\shlwapi.dll
0x00007ffc735f0000 - 0x00007ffc7360f000 	C:\WINDOWS\SYSTEM32\profapi.dll

dbghelp: loaded successfully - version: 4.0.5 - missing functions: none
symbol engine: initialized successfully - sym options: 0x614 - pdb path: .;C:\Program Files\Java\jdk-20\bin;C:\WINDOWS\SYSTEM32;C:\WINDOWS\WinSxS\amd64_microsoft.windows.common-controls_6595b64144ccf1df_6.0.19041.1110_none_60b5254171f9507e;C:\Program Files\Java\jdk-20\bin\server

VM Arguments:
jvm_args: -Dfile.encoding=UTF-8 -Djava.security.policy=applet.policy --module-path=C:\Users\DELL\Documents\NetBeansProjects\bank management system1\build\classes 
java_command: bank.management.system1.Signupone
java_class_path (initial): C:\Program Files\Java;C:\Users\DELL\Documents\NetBeansProjects\bank management system1\build\classes\jcalendar-tz-1.3.3-4.jar;C:\Users\DELL\Documents\NetBeansProjects\bank management system1\build\classes
Launcher Type: SUN_STANDARD

[Global flags]
     intx CICompilerCount                          = 3                                         {product} {ergonomic}
     uint ConcGCThreads                            = 1                                         {product} {ergonomic}
     uint G1ConcRefinementThreads                  = 4                                         {product} {ergonomic}
   size_t G1HeapRegionSize                         = 1048576                                   {product} {ergonomic}
    uintx GCDrainStackTargetSize                   = 64                                        {product} {ergonomic}
   size_t InitialHeapSize                          = 65011712                                  {product} {ergonomic}
   size_t MarkStackSize                            = 4194304                                   {product} {ergonomic}
   size_t MaxHeapSize                              = 1040187392                                {product} {ergonomic}
   size_t MaxNewSize                               = 623902720                                 {product} {ergonomic}
   size_t MinHeapDeltaBytes                        = 1048576                                   {product} {ergonomic}
   size_t MinHeapSize                              = 8388608                                   {product} {ergonomic}
    uintx NonNMethodCodeHeapSize                   = 5832780                                {pd product} {ergonomic}
    uintx NonProfiledCodeHeapSize                  = 122912730                              {pd product} {ergonomic}
    uintx ProfiledCodeHeapSize                     = 122912730                              {pd product} {ergonomic}
    uintx ReservedCodeCacheSize                    = 251658240                              {pd product} {ergonomic}
     bool SegmentedCodeCache                       = true                                      {product} {ergonomic}
   size_t SoftMaxHeapSize                          = 1040187392                             {manageable} {ergonomic}
     bool UseCompressedClassPointers               = true                           {product lp64_product} {ergonomic}
     bool UseCompressedOops                        = true                           {product lp64_product} {ergonomic}
     bool UseG1GC                                  = true                                      {product} {ergonomic}
     bool UseLargePagesIndividualAllocation        = false                                  {pd product} {ergonomic}

Logging:
Log output configuration:
 #0: stdout all=warning uptime,level,tags foldmultilines=false
 #1: stderr all=off uptime,level,tags foldmultilines=false

Environment Variables:
PATH=C:\Program Files\Common Files\Oracle\Java\javapath;C:\WINDOWS\system32;C:\WINDOWS;C:\WINDOWS\System32\Wbem;C:\WINDOWS\System32\WindowsPowerShell\v1.0\;C:\WINDOWS\System32\OpenSSH\;C:\Program Files\Java\jdk-17\bin;C:\Program Files\Java\jdk-20\bin;C:\Program Files\MySQL\MySQL Shell 8.0\bin\;C:\Users\DELL\AppData\Local\Microsoft\WindowsApps;C:\Program Files\Java\jdk-20\bin;;C:\Program Files\JetBrains\IntelliJ IDEA Community Edition 2023.1\bin;
USERNAME=Raju Raj
OS=Windows_NT
PROCESSOR_IDENTIFIER=Intel64 Family 6 Model 142 Stepping 9, GenuineIntel
TMP=C:\Users\DELL\AppData\Local\Temp
TEMP=C:\Users\DELL\AppData\Local\Temp




---------------  S Y S T E M  ---------------

OS:
 Windows 10 , 64 bit Build 19041 (10.0.19041.2546)
OS uptime: 1 days 1:50 hours

CPU: total 4 (initial active 4) (2 cores per cpu, 2 threads per core) family 6 model 142 stepping 9 microcode 0xb4, cx8, cmov, fxsr, ht, mmx, 3dnowpref, sse, sse2, sse3, ssse3, sse4.1, sse4.2, popcnt, lzcnt, tsc, tscinvbit, avx, avx2, aes, erms, clmul, bmi1, bmi2, adx, fma, vzeroupper, clflush, clflushopt, rdtscp, f16c

Memory: 4k page, system-wide physical 3962M (583M free)
TotalPageFile size 16250M (AvailPageFile size 1M)
current process WorkingSet (physical memory assigned to process): 26M, peak: 26M
current process commit charge ("private bytes"): 124M, peak: 127M

vm_info: Java HotSpot(TM) 64-Bit Server VM (20+36-2344) for windows-amd64 JRE (20+36-2344), built on 2023-02-10T19:30:15Z by "mach5one" with MS VC++ 17.1 (VS2022)

END.
