#
# There is insufficient memory for the Java Runtime Environment to continue.
# Native memory allocation (mmap) failed to map 65536 bytes for Failed to commit metaspace.
# Possible reasons:
#   The system is out of physical RAM or swap space
#   The process is running with CompressedOops enabled, and the Java Heap may be blocking the growth of the native heap
# Possible solutions:
#   Reduce memory load on the system
#   Increase physical memory or swap space
#   Check if swap backing store is full
#   Decrease Java heap size (-Xmx/-Xms)
#   Decrease number of Java threads
#   Decrease Java thread stack sizes (-Xss)
#   Set larger code cache with -XX:ReservedCodeCacheSize=
#   JVM is running with Unscaled Compressed Oops mode in which the Java heap is
#     placed in the first 4GB address space. The Java Heap base address is the
#     maximum limit for the native heap growth. Please use -XX:HeapBaseMinAddress
#     to set the Java Heap base and to place the Java Heap above 4GB virtual address.
# This output file may be truncated or incomplete.
#
#  Out of Memory Error (virtualSpaceNode.cpp:110), pid=17084, tid=10484
#
# JRE version: Java(TM) SE Runtime Environment (20.0+36) (build 20+36-2344)
# Java VM: Java HotSpot(TM) 64-Bit Server VM (20+36-2344, mixed mode, sharing, tiered, compressed oops, compressed class ptrs, g1 gc, windows-amd64)
# No core dump will be written. Minidumps are not enabled by default on client versions of Windows
#

---------------  S U M M A R Y ------------

Command Line: -Dfile.encoding=UTF-8 -Djava.security.policy=applet.policy --module-path=C:\Users\DELL\Documents\NetBeansProjects\bank management system1\build\classes bank.management.system1.Signuptwo

Host: Intel(R) Core(TM) i3-7020U CPU @ 2.30GHz, 4 cores, 3G,  Windows 10 , 64 bit Build 19041 (10.0.19041.2788)
Time: Sun Apr 16 02:31:50 2023 India Standard Time elapsed time: 0.729679 seconds (0d 0h 0m 0s)

---------------  T H R E A D  ---------------

Current thread (0x000001f1388e73e0):  JavaThread "main" [_thread_in_vm, id=10484, stack(0x000000d7fdb00000,0x000000d7fdc00000)]

Stack: [0x000000d7fdb00000,0x000000d7fdc00000]
Native frames: (J=compiled Java code, j=interpreted, Vv=VM code, C=native code)
V  [jvm.dll+0x6bb95a]
V  [jvm.dll+0x8483aa]
V  [jvm.dll+0x849fa5]
V  [jvm.dll+0x84a6a3]
V  [jvm.dll+0x280b0f]
V  [jvm.dll+0x8442eb]
V  [jvm.dll+0x65fd86]
V  [jvm.dll+0x65fdea]
V  [jvm.dll+0x6626c3]
V  [jvm.dll+0x66258e]
V  [jvm.dll+0x66079e]
V  [jvm.dll+0x26da71]
V  [jvm.dll+0x21bea7]
V  [jvm.dll+0x211780]
V  [jvm.dll+0x59c26c]
V  [jvm.dll+0x222d6a]
V  [jvm.dll+0x7c2aa4]
V  [jvm.dll+0x7c3ba9]
V  [jvm.dll+0x7c414f]
V  [jvm.dll+0x7c3df8]
V  [jvm.dll+0x27024b]
V  [jvm.dll+0x3d84fe]
C  0x000001f147f0f874

Java frames: (J=compiled Java code, j=interpreted, Vv=VM code)
j  javax.swing.plaf.basic.BasicPopupMenuUI.installListeners()V+84 java.desktop@20
j  javax.swing.plaf.basic.BasicPopupMenuUI.installUI(Ljavax/swing/JComponent;)V+13 java.desktop@20
j  javax.swing.JComponent.setUI(Ljavax/swing/plaf/ComponentUI;)V+52 java.desktop@20
j  javax.swing.JPopupMenu.setUI(Ljavax/swing/plaf/PopupMenuUI;)V+2 java.desktop@20
j  javax.swing.JPopupMenu.updateUI()V+8 java.desktop@20
j  javax.swing.JPopupMenu.<init>(Ljava/lang/String;)V+60 java.desktop@20
j  javax.swing.JPopupMenu.<init>()V+2 java.desktop@20
j  javax.swing.plaf.basic.BasicComboPopup.<init>(Ljavax/swing/JComboBox;)V+1 java.desktop@20
j  javax.swing.plaf.basic.BasicComboBoxUI.createPopup()Ljavax/swing/plaf/basic/ComboPopup;+8 java.desktop@20
j  javax.swing.plaf.metal.MetalComboBoxUI.createPopup()Ljavax/swing/plaf/basic/ComboPopup;+1 java.desktop@20
j  javax.swing.plaf.basic.BasicComboBoxUI.installUI(Ljavax/swing/JComponent;)V+21 java.desktop@20
j  javax.swing.JComponent.setUI(Ljavax/swing/plaf/ComponentUI;)V+52 java.desktop@20
j  javax.swing.JComboBox.setUI(Ljavax/swing/plaf/ComboBoxUI;)V+2 java.desktop@20
j  javax.swing.JComboBox.updateUI()V+20 java.desktop@20
j  javax.swing.JComboBox.init()V+15 java.desktop@20
j  javax.swing.JComboBox.<init>([Ljava/lang/Object;)V+61 java.desktop@20
j  bank.management.system1.Signuptwo.<init>()V+141
j  bank.management.system1.Signuptwo.main([Ljava/lang/String;)V+4
v  ~StubRoutines::call_stub 0x000001f147ee100d

---------------  P R O C E S S  ---------------

Threads class SMR info:
_java_thread_list=0x000001f157ab9330, length=14, elements={
0x000001f1388e73e0, 0x000001f153358a80, 0x000001f15335d690, 0x000001f15335f260,
0x000001f15335fba0, 0x000001f1533604e0, 0x000001f153364240, 0x000001f153376c20,
0x000001f15337b1d0, 0x000001f15781a560, 0x000001f157967800, 0x000001f1579ff2a0,
0x000001f1579ff7f0, 0x000001f157ad85a0
}

Java Threads: ( => current thread )
=>0x000001f1388e73e0 JavaThread "main" [_thread_in_vm, id=10484, stack(0x000000d7fdb00000,0x000000d7fdc00000)]
  0x000001f153358a80 JavaThread "Reference Handler" daemon [_thread_blocked, id=996, stack(0x000000d7fe200000,0x000000d7fe300000)]
  0x000001f15335d690 JavaThread "Finalizer" daemon [_thread_blocked, id=732, stack(0x000000d7fe300000,0x000000d7fe400000)]
  0x000001f15335f260 JavaThread "Signal Dispatcher" daemon [_thread_blocked, id=16272, stack(0x000000d7fe400000,0x000000d7fe500000)]
  0x000001f15335fba0 JavaThread "Attach Listener" daemon [_thread_blocked, id=17312, stack(0x000000d7fe500000,0x000000d7fe600000)]
  0x000001f1533604e0 JavaThread "Service Thread" daemon [_thread_blocked, id=9152, stack(0x000000d7fe600000,0x000000d7fe700000)]
  0x000001f153364240 JavaThread "Monitor Deflation Thread" daemon [_thread_blocked, id=11592, stack(0x000000d7fe700000,0x000000d7fe800000)]
  0x000001f153376c20 JavaThread "C2 CompilerThread0" daemon [_thread_blocked, id=20772, stack(0x000000d7fe800000,0x000000d7fe900000)]
  0x000001f15337b1d0 JavaThread "C1 CompilerThread0" daemon [_thread_blocked, id=20620, stack(0x000000d7fe900000,0x000000d7fea00000)]
  0x000001f15781a560 JavaThread "Common-Cleaner" daemon [_thread_blocked, id=20568, stack(0x000000d7fea00000,0x000000d7feb00000)]
  0x000001f157967800 JavaThread "Notification Thread" daemon [_thread_blocked, id=20800, stack(0x000000d7fec00000,0x000000d7fed00000)]
  0x000001f1579ff2a0 JavaThread "Java2D Disposer" daemon [_thread_blocked, id=11916, stack(0x000000d7feb00000,0x000000d7fec00000)]
  0x000001f1579ff7f0 JavaThread "AWT-Shutdown" [_thread_blocked, id=20668, stack(0x000000d7fee00000,0x000000d7fef00000)]
  0x000001f157ad85a0 JavaThread "AWT-Windows" daemon [_thread_in_native, id=20744, stack(0x000000d7fef00000,0x000000d7ff000000)]

Other Threads:
  0x000001f1389af6f0 VMThread "VM Thread" [stack: 0x000000d7fe100000,0x000000d7fe200000] [id=16420]
  0x000001f157878fd0 WatcherThread "VM Periodic Task Thread" [stack: 0x000000d7fed00000,0x000000d7fee00000] [id=9524]
  0x000001f13892a3e0 WorkerThread "GC Thread#0" [stack: 0x000000d7fdc00000,0x000000d7fdd00000] [id=5628]
  0x000001f138933fb0 ConcurrentGCThread "G1 Main Marker" [stack: 0x000000d7fdd00000,0x000000d7fde00000] [id=9384]
  0x000001f138935090 WorkerThread "G1 Conc#0" [stack: 0x000000d7fde00000,0x000000d7fdf00000] [id=21156]
  0x000001f138989b30 ConcurrentGCThread "G1 Refine#0" [stack: 0x000000d7fdf00000,0x000000d7fe000000] [id=15120]
  0x000001f13898c3f0 ConcurrentGCThread "G1 Service" [stack: 0x000000d7fe000000,0x000000d7fe100000] [id=21004]

Threads with active compile tasks:

VM state: not at safepoint (normal execution)

VM Mutex/Monitor currently owned by a thread:  ([mutex/lock_event])
[0x000001f1388e0b80] Metaspace_lock - owner thread: 0x000001f1388e73e0

Heap address: 0x00000000c2000000, size: 992 MB, Compressed Oops mode: 32-bit

CDS archive(s) mapped at: [0x0000000800000000-0x0000000800c60000-0x0000000800c60000), size 12976128, SharedBaseAddress: 0x0000000800000000, ArchiveRelocationMode: 0.
Compressed class space mapped at: 0x0000000801000000-0x0000000841000000, reserved size: 1073741824
Narrow klass base: 0x0000000800000000, Narrow klass shift: 0, Narrow klass range: 0x100000000

GC Precious Log:
 CardTable entry size: 512
 Card Set container configuration: InlinePtr #cards 5 size 8 Array Of Cards #cards 12 size 40 Howl #buckets 4 coarsen threshold 1843 Howl Bitmap #cards 512 size 80 coarsen threshold 460 Card regions per heap region 1 cards per card region 2048
 CPUs: 4 total, 4 available
 Memory: 3962M
 Large Page Support: Disabled
 NUMA Support: Disabled
 Compressed Oops: Enabled (32-bit)
 Heap Region Size: 1M
 Heap Min Capacity: 8M
 Heap Initial Capacity: 62M
 Heap Max Capacity: 992M
 Pre-touch: Disabled
 Parallel Workers: 4
 Concurrent Workers: 1
 Concurrent Refinement Workers: 4
 Periodic GC: Disabled

Heap:
 garbage-first heap   total 63488K, used 5120K [0x00000000c2000000, 0x0000000100000000)
  region size 1024K, 6 young (6144K), 0 survivors (0K)
 Metaspace       used 4619K, committed 4736K, reserved 1114112K
  class space    used 512K, committed 576K, reserved 1048576K

Heap Regions: E=young(eden), S=young(survivor), O=old, HS=humongous(starts), HC=humongous(continues), CS=collection set, F=free, OA=open archive, CA=closed archive, TAMS=top-at-mark-start, PB=parsable bottom
|   0|0x00000000c2000000, 0x00000000c2000000, 0x00000000c2100000|  0%| F|  |TAMS 0x00000000c2000000| PB 0x00000000c2000000| Untracked 
|   1|0x00000000c2100000, 0x00000000c2100000, 0x00000000c2200000|  0%| F|  |TAMS 0x00000000c2100000| PB 0x00000000c2100000| Untracked 
|   2|0x00000000c2200000, 0x00000000c2200000, 0x00000000c2300000|  0%| F|  |TAMS 0x00000000c2200000| PB 0x00000000c2200000| Untracked 
|   3|0x00000000c2300000, 0x00000000c2300000, 0x00000000c2400000|  0%| F|  |TAMS 0x00000000c2300000| PB 0x00000000c2300000| Untracked 
|   4|0x00000000c2400000, 0x00000000c2400000, 0x00000000c2500000|  0%| F|  |TAMS 0x00000000c2400000| PB 0x00000000c2400000| Untracked 
|   5|0x00000000c2500000, 0x00000000c2500000, 0x00000000c2600000|  0%| F|  |TAMS 0x00000000c2500000| PB 0x00000000c2500000| Untracked 
|   6|0x00000000c2600000, 0x00000000c2600000, 0x00000000c2700000|  0%| F|  |TAMS 0x00000000c2600000| PB 0x00000000c2600000| Untracked 
|   7|0x00000000c2700000, 0x00000000c2700000, 0x00000000c2800000|  0%| F|  |TAMS 0x00000000c2700000| PB 0x00000000c2700000| Untracked 
|   8|0x00000000c2800000, 0x00000000c2800000, 0x00000000c2900000|  0%| F|  |TAMS 0x00000000c2800000| PB 0x00000000c2800000| Untracked 
|   9|0x00000000c2900000, 0x00000000c2900000, 0x00000000c2a00000|  0%| F|  |TAMS 0x00000000c2900000| PB 0x00000000c2900000| Untracked 
|  10|0x00000000c2a00000, 0x00000000c2a00000, 0x00000000c2b00000|  0%| F|  |TAMS 0x00000000c2a00000| PB 0x00000000c2a00000| Untracked 
|  11|0x00000000c2b00000, 0x00000000c2b00000, 0x00000000c2c00000|  0%| F|  |TAMS 0x00000000c2b00000| PB 0x00000000c2b00000| Untracked 
|  12|0x00000000c2c00000, 0x00000000c2c00000, 0x00000000c2d00000|  0%| F|  |TAMS 0x00000000c2c00000| PB 0x00000000c2c00000| Untracked 
|  13|0x00000000c2d00000, 0x00000000c2d00000, 0x00000000c2e00000|  0%| F|  |TAMS 0x00000000c2d00000| PB 0x00000000c2d00000| Untracked 
|  14|0x00000000c2e00000, 0x00000000c2e00000, 0x00000000c2f00000|  0%| F|  |TAMS 0x00000000c2e00000| PB 0x00000000c2e00000| Untracked 
|  15|0x00000000c2f00000, 0x00000000c2f00000, 0x00000000c3000000|  0%| F|  |TAMS 0x00000000c2f00000| PB 0x00000000c2f00000| Untracked 
|  16|0x00000000c3000000, 0x00000000c3000000, 0x00000000c3100000|  0%| F|  |TAMS 0x00000000c3000000| PB 0x00000000c3000000| Untracked 
|  17|0x00000000c3100000, 0x00000000c3100000, 0x00000000c3200000|  0%| F|  |TAMS 0x00000000c3100000| PB 0x00000000c3100000| Untracked 
|  18|0x00000000c3200000, 0x00000000c3200000, 0x00000000c3300000|  0%| F|  |TAMS 0x00000000c3200000| PB 0x00000000c3200000| Untracked 
|  19|0x00000000c3300000, 0x00000000c3300000, 0x00000000c3400000|  0%| F|  |TAMS 0x00000000c3300000| PB 0x00000000c3300000| Untracked 
|  20|0x00000000c3400000, 0x00000000c3400000, 0x00000000c3500000|  0%| F|  |TAMS 0x00000000c3400000| PB 0x00000000c3400000| Untracked 
|  21|0x00000000c3500000, 0x00000000c3500000, 0x00000000c3600000|  0%| F|  |TAMS 0x00000000c3500000| PB 0x00000000c3500000| Untracked 
|  22|0x00000000c3600000, 0x00000000c3600000, 0x00000000c3700000|  0%| F|  |TAMS 0x00000000c3600000| PB 0x00000000c3600000| Untracked 
|  23|0x00000000c3700000, 0x00000000c3700000, 0x00000000c3800000|  0%| F|  |TAMS 0x00000000c3700000| PB 0x00000000c3700000| Untracked 
|  24|0x00000000c3800000, 0x00000000c3800000, 0x00000000c3900000|  0%| F|  |TAMS 0x00000000c3800000| PB 0x00000000c3800000| Untracked 
|  25|0x00000000c3900000, 0x00000000c3900000, 0x00000000c3a00000|  0%| F|  |TAMS 0x00000000c3900000| PB 0x00000000c3900000| Untracked 
|  26|0x00000000c3a00000, 0x00000000c3a00000, 0x00000000c3b00000|  0%| F|  |TAMS 0x00000000c3a00000| PB 0x00000000c3a00000| Untracked 
|  27|0x00000000c3b00000, 0x00000000c3b00000, 0x00000000c3c00000|  0%| F|  |TAMS 0x00000000c3b00000| PB 0x00000000c3b00000| Untracked 
|  28|0x00000000c3c00000, 0x00000000c3c00000, 0x00000000c3d00000|  0%| F|  |TAMS 0x00000000c3c00000| PB 0x00000000c3c00000| Untracked 
|  29|0x00000000c3d00000, 0x00000000c3d00000, 0x00000000c3e00000|  0%| F|  |TAMS 0x00000000c3d00000| PB 0x00000000c3d00000| Untracked 
|  30|0x00000000c3e00000, 0x00000000c3e00000, 0x00000000c3f00000|  0%| F|  |TAMS 0x00000000c3e00000| PB 0x00000000c3e00000| Untracked 
|  31|0x00000000c3f00000, 0x00000000c3f00000, 0x00000000c4000000|  0%| F|  |TAMS 0x00000000c3f00000| PB 0x00000000c3f00000| Untracked 
|  32|0x00000000c4000000, 0x00000000c4000000, 0x00000000c4100000|  0%| F|  |TAMS 0x00000000c4000000| PB 0x00000000c4000000| Untracked 
|  33|0x00000000c4100000, 0x00000000c4100000, 0x00000000c4200000|  0%| F|  |TAMS 0x00000000c4100000| PB 0x00000000c4100000| Untracked 
|  34|0x00000000c4200000, 0x00000000c4200000, 0x00000000c4300000|  0%| F|  |TAMS 0x00000000c4200000| PB 0x00000000c4200000| Untracked 
|  35|0x00000000c4300000, 0x00000000c4300000, 0x00000000c4400000|  0%| F|  |TAMS 0x00000000c4300000| PB 0x00000000c4300000| Untracked 
|  36|0x00000000c4400000, 0x00000000c4400000, 0x00000000c4500000|  0%| F|  |TAMS 0x00000000c4400000| PB 0x00000000c4400000| Untracked 
|  37|0x00000000c4500000, 0x00000000c4500000, 0x00000000c4600000|  0%| F|  |TAMS 0x00000000c4500000| PB 0x00000000c4500000| Untracked 
|  38|0x00000000c4600000, 0x00000000c4600000, 0x00000000c4700000|  0%| F|  |TAMS 0x00000000c4600000| PB 0x00000000c4600000| Untracked 
|  39|0x00000000c4700000, 0x00000000c4700000, 0x00000000c4800000|  0%| F|  |TAMS 0x00000000c4700000| PB 0x00000000c4700000| Untracked 
|  40|0x00000000c4800000, 0x00000000c4800000, 0x00000000c4900000|  0%| F|  |TAMS 0x00000000c4800000| PB 0x00000000c4800000| Untracked 
|  41|0x00000000c4900000, 0x00000000c4900000, 0x00000000c4a00000|  0%| F|  |TAMS 0x00000000c4900000| PB 0x00000000c4900000| Untracked 
|  42|0x00000000c4a00000, 0x00000000c4a00000, 0x00000000c4b00000|  0%| F|  |TAMS 0x00000000c4a00000| PB 0x00000000c4a00000| Untracked 
|  43|0x00000000c4b00000, 0x00000000c4b00000, 0x00000000c4c00000|  0%| F|  |TAMS 0x00000000c4b00000| PB 0x00000000c4b00000| Untracked 
|  44|0x00000000c4c00000, 0x00000000c4c00000, 0x00000000c4d00000|  0%| F|  |TAMS 0x00000000c4c00000| PB 0x00000000c4c00000| Untracked 
|  45|0x00000000c4d00000, 0x00000000c4d00000, 0x00000000c4e00000|  0%| F|  |TAMS 0x00000000c4d00000| PB 0x00000000c4d00000| Untracked 
|  46|0x00000000c4e00000, 0x00000000c4e00000, 0x00000000c4f00000|  0%| F|  |TAMS 0x00000000c4e00000| PB 0x00000000c4e00000| Untracked 
|  47|0x00000000c4f00000, 0x00000000c4f00000, 0x00000000c5000000|  0%| F|  |TAMS 0x00000000c4f00000| PB 0x00000000c4f00000| Untracked 
|  48|0x00000000c5000000, 0x00000000c5000000, 0x00000000c5100000|  0%| F|  |TAMS 0x00000000c5000000| PB 0x00000000c5000000| Untracked 
|  49|0x00000000c5100000, 0x00000000c5100000, 0x00000000c5200000|  0%| F|  |TAMS 0x00000000c5100000| PB 0x00000000c5100000| Untracked 
|  50|0x00000000c5200000, 0x00000000c5200000, 0x00000000c5300000|  0%| F|  |TAMS 0x00000000c5200000| PB 0x00000000c5200000| Untracked 
|  51|0x00000000c5300000, 0x00000000c5300000, 0x00000000c5400000|  0%| F|  |TAMS 0x00000000c5300000| PB 0x00000000c5300000| Untracked 
|  52|0x00000000c5400000, 0x00000000c5400000, 0x00000000c5500000|  0%| F|  |TAMS 0x00000000c5400000| PB 0x00000000c5400000| Untracked 
|  53|0x00000000c5500000, 0x00000000c5500000, 0x00000000c5600000|  0%| F|  |TAMS 0x00000000c5500000| PB 0x00000000c5500000| Untracked 
|  54|0x00000000c5600000, 0x00000000c5600000, 0x00000000c5700000|  0%| F|  |TAMS 0x00000000c5600000| PB 0x00000000c5600000| Untracked 
|  55|0x00000000c5700000, 0x00000000c5700000, 0x00000000c5800000|  0%| F|  |TAMS 0x00000000c5700000| PB 0x00000000c5700000| Untracked 
|  56|0x00000000c5800000, 0x00000000c58c8458, 0x00000000c5900000| 78%| E|  |TAMS 0x00000000c5800000| PB 0x00000000c5800000| Complete 
|  57|0x00000000c5900000, 0x00000000c5a00000, 0x00000000c5a00000|100%| E|CS|TAMS 0x00000000c5900000| PB 0x00000000c5900000| Complete 
|  58|0x00000000c5a00000, 0x00000000c5b00000, 0x00000000c5b00000|100%| E|CS|TAMS 0x00000000c5a00000| PB 0x00000000c5a00000| Complete 
|  59|0x00000000c5b00000, 0x00000000c5c00000, 0x00000000c5c00000|100%| E|CS|TAMS 0x00000000c5b00000| PB 0x00000000c5b00000| Complete 
|  60|0x00000000c5c00000, 0x00000000c5d00000, 0x00000000c5d00000|100%| E|CS|TAMS 0x00000000c5c00000| PB 0x00000000c5c00000| Complete 
|  61|0x00000000c5d00000, 0x00000000c5e00000, 0x00000000c5e00000|100%| E|CS|TAMS 0x00000000c5d00000| PB 0x00000000c5d00000| Complete 

Card table byte_map: [0x000001f14fba0000,0x000001f14fd90000] _byte_map_base: 0x000001f14f590000

Marking Bits: (CMBitMap*) 0x000001f13892b930
 Bits: [0x000001f14ff80000, 0x000001f150f00000)

Polling page: 0x000001f1380c0000

Metaspace:

Usage:
  Non-class:      4.01 MB used.
      Class:    512.25 KB used.
       Both:      4.51 MB used.

Virtual space:
  Non-class space:       64.00 MB reserved,       4.06 MB (  6%) committed,  1 nodes.
      Class space:        1.00 GB reserved,     576.00 KB ( <1%) committed,  1 nodes.
             Both:        1.06 GB reserved,       4.62 MB ( <1%) committed. 

Chunk freelists:
   Non-Class:  3.88 MB
       Class:  3.25 MB
        Both:  7.13 MB

MaxMetaspaceSize: unlimited
CompressedClassSpaceSize: 1.00 GB
Initial GC threshold: 21.00 MB
Current GC threshold: 21.00 MB
CDS: on
MetaspaceReclaimPolicy: balanced
 - commit_granule_bytes: 65536.
 - commit_granule_words: 8192.
 - virtual_space_node_default_size: 8388608.
 - enlarge_chunks_in_place: 1.
 - new_chunks_are_fully_committed: 0.
 - uncommit_free_chunks: 1.
 - use_allocation_guard: 0.


Internal statistics:

num_allocs_failed_limit: 0.
num_arena_births: 114.
num_arena_deaths: 0.
num_vsnodes_births: 2.
num_vsnodes_deaths: 0.
num_space_committed: 74.
num_space_uncommitted: 0.
num_chunks_returned_to_freelist: 0.
num_chunks_taken_from_freelist: 135.
num_chunk_merges: 0.
num_chunk_splits: 83.
num_chunks_enlarged: 36.
num_inconsistent_stats: 0.

CodeHeap 'non-profiled nmethods': size=120000Kb used=176Kb max_used=176Kb free=119823Kb
 bounds [0x000001f148480000, 0x000001f1486f0000, 0x000001f14f9b0000]
CodeHeap 'profiled nmethods': size=120000Kb used=807Kb max_used=807Kb free=119193Kb
 bounds [0x000001f1409b0000, 0x000001f140c20000, 0x000001f147ee0000]
CodeHeap 'non-nmethods': size=5760Kb used=1473Kb max_used=1491Kb free=4286Kb
 bounds [0x000001f147ee0000, 0x000001f148150000, 0x000001f148480000]
 total_blobs=1089 nmethods=583 adapters=417
 compilation: enabled
              stopped_count=0, restarted_count=0
 full_count=0

Compilation events (20 events):
Event: 0.706 Thread 0x000001f15337b1d0 nmethod 573 0x000001f1484a9d10 code [0x000001f1484a9e80, 0x000001f1484a9f48]
Event: 0.710 Thread 0x000001f15337b1d0  575       3       sun.util.logging.PlatformLogger::isLoggable (23 bytes)
Event: 0.710 Thread 0x000001f15337b1d0 nmethod 575 0x000001f140a77490 code [0x000001f140a77640, 0x000001f140a77918]
Event: 0.710 Thread 0x000001f15337b1d0  576       3       jdk.internal.logger.AbstractLoggerWrapper::isLoggable (26 bytes)
Event: 0.711 Thread 0x000001f15337b1d0 nmethod 576 0x000001f140a77a10 code [0x000001f140a77be0, 0x000001f140a78170]
Event: 0.712 Thread 0x000001f15337b1d0  577   !   3       sun.awt.AppContext::get (123 bytes)
Event: 0.713 Thread 0x000001f15337b1d0 nmethod 577 0x000001f140a78310 code [0x000001f140a78520, 0x000001f140a78f88]
Event: 0.714 Thread 0x000001f15337b1d0  578       1       java.beans.PropertyChangeEvent::getPropertyName (5 bytes)
Event: 0.714 Thread 0x000001f15337b1d0 nmethod 578 0x000001f1484aa310 code [0x000001f1484aa480, 0x000001f1484aa548]
Event: 0.720 Thread 0x000001f153376c20 nmethod 566 0x000001f1484aa610 code [0x000001f1484aa800, 0x000001f1484ab360]
Event: 0.721 Thread 0x000001f15337b1d0  579       3       java.util.Arrays::equals (43 bytes)
Event: 0.721 Thread 0x000001f15337b1d0 nmethod 579 0x000001f140a79310 code [0x000001f140a794c0, 0x000001f140a797b0]
Event: 0.721 Thread 0x000001f15337b1d0  580       3       java.lang.invoke.BoundMethodHandle::<init> (32 bytes)
Event: 0.721 Thread 0x000001f15337b1d0 nmethod 580 0x000001f140a79890 code [0x000001f140a79a20, 0x000001f140a79b78]
Event: 0.721 Thread 0x000001f153376c20  581       4       java.lang.Object::<init> (1 bytes)
Event: 0.721 Thread 0x000001f15337b1d0  582       1       java.beans.PropertyChangeEvent::getOldValue (5 bytes)
Event: 0.722 Thread 0x000001f15337b1d0 nmethod 582 0x000001f1484aba10 code [0x000001f1484abb80, 0x000001f1484abc48]
Event: 0.722 Thread 0x000001f15337b1d0  583       1       java.beans.PropertyChangeEvent::getNewValue (5 bytes)
Event: 0.722 Thread 0x000001f15337b1d0 nmethod 583 0x000001f1484abd10 code [0x000001f1484abe80, 0x000001f1484abf48]
Event: 0.722 Thread 0x000001f153376c20 nmethod 581 0x000001f1484ac010 code [0x000001f1484ac180, 0x000001f1484ac240]

GC Heap History (0 events):
No events

Dll operation events (7 events):
Event: 0.013 Loaded shared library C:\Program Files\Java\jdk-20\bin\java.dll
Event: 0.073 Loaded shared library C:\Program Files\Java\jdk-20\bin\jsvml.dll
Event: 0.213 Loaded shared library C:\Program Files\Java\jdk-20\bin\net.dll
Event: 0.219 Loaded shared library C:\Program Files\Java\jdk-20\bin\nio.dll
Event: 0.245 Loaded shared library C:\Program Files\Java\jdk-20\bin\zip.dll
Event: 0.334 Loaded shared library C:\Program Files\Java\jdk-20\bin\jimage.dll
Event: 0.375 Loaded shared library C:\Program Files\Java\jdk-20\bin\awt.dll

Deoptimization events (16 events):
Event: 0.691 Thread 0x000001f1388e73e0 Uncommon trap: trap_request=0xffffffc6 fr.pc=0x000001f148495014 relative=0x0000000000000a94
Event: 0.691 Thread 0x000001f1388e73e0 Uncommon trap: reason=bimorphic_or_optimized_type_check action=maybe_recompile pc=0x000001f148495014 method=java.util.HashMap.putVal(ILjava/lang/Object;Ljava/lang/Object;ZZ)Ljava/lang/Object; @ 56 c2
Event: 0.691 Thread 0x000001f1388e73e0 DEOPT PACKING pc=0x000001f148495014 sp=0x000000d7fdbfeae0
Event: 0.691 Thread 0x000001f1388e73e0 DEOPT UNPACKING pc=0x000001f147f49d22 sp=0x000000d7fdbfea68 mode 2
Event: 0.691 Thread 0x000001f1388e73e0 Uncommon trap: trap_request=0xffffffc6 fr.pc=0x000001f148495014 relative=0x0000000000000a94
Event: 0.691 Thread 0x000001f1388e73e0 Uncommon trap: reason=bimorphic_or_optimized_type_check action=maybe_recompile pc=0x000001f148495014 method=java.util.HashMap.putVal(ILjava/lang/Object;Ljava/lang/Object;ZZ)Ljava/lang/Object; @ 56 c2
Event: 0.691 Thread 0x000001f1388e73e0 DEOPT PACKING pc=0x000001f148495014 sp=0x000000d7fdbfeae0
Event: 0.691 Thread 0x000001f1388e73e0 DEOPT UNPACKING pc=0x000001f147f49d22 sp=0x000000d7fdbfea68 mode 2
Event: 0.691 Thread 0x000001f1388e73e0 Uncommon trap: trap_request=0xffffffc6 fr.pc=0x000001f148495014 relative=0x0000000000000a94
Event: 0.691 Thread 0x000001f1388e73e0 Uncommon trap: reason=bimorphic_or_optimized_type_check action=maybe_recompile pc=0x000001f148495014 method=java.util.HashMap.putVal(ILjava/lang/Object;Ljava/lang/Object;ZZ)Ljava/lang/Object; @ 56 c2
Event: 0.691 Thread 0x000001f1388e73e0 DEOPT PACKING pc=0x000001f148495014 sp=0x000000d7fdbfeae0
Event: 0.691 Thread 0x000001f1388e73e0 DEOPT UNPACKING pc=0x000001f147f49d22 sp=0x000000d7fdbfea68 mode 2
Event: 0.691 Thread 0x000001f1388e73e0 Uncommon trap: trap_request=0xffffffc6 fr.pc=0x000001f148495014 relative=0x0000000000000a94
Event: 0.691 Thread 0x000001f1388e73e0 Uncommon trap: reason=bimorphic_or_optimized_type_check action=maybe_recompile pc=0x000001f148495014 method=java.util.HashMap.putVal(ILjava/lang/Object;Ljava/lang/Object;ZZ)Ljava/lang/Object; @ 56 c2
Event: 0.691 Thread 0x000001f1388e73e0 DEOPT PACKING pc=0x000001f148495014 sp=0x000000d7fdbfeae0
Event: 0.691 Thread 0x000001f1388e73e0 DEOPT UNPACKING pc=0x000001f147f49d22 sp=0x000000d7fdbfea68 mode 2

Classes loaded (20 events):
Event: 0.725 Loading class java/awt/Toolkit$SelectiveAWTEventListener done
Event: 0.726 Loading class java/awt/Toolkit$ToolkitEventMulticaster
Event: 0.726 Loading class java/awt/Toolkit$ToolkitEventMulticaster done
Event: 0.726 Loading class javax/swing/plaf/basic/BasicLookAndFeel$1
Event: 0.726 Loading class javax/swing/plaf/basic/BasicLookAndFeel$1 done
Event: 0.726 Loading class javax/swing/plaf/basic/DefaultMenuLayout
Event: 0.726 Loading class javax/swing/BoxLayout
Event: 0.726 Loading class javax/swing/BoxLayout done
Event: 0.726 Loading class javax/swing/plaf/basic/DefaultMenuLayout done
Event: 0.726 Loading class javax/swing/plaf/metal/MetalBorders$PopupMenuBorder
Event: 0.726 Loading class javax/swing/plaf/metal/MetalBorders$PopupMenuBorder done
Event: 0.726 Loading class javax/swing/plaf/basic/BasicPopupMenuUI$BasicPopupMenuListener
Event: 0.727 Loading class javax/swing/event/PopupMenuListener
Event: 0.727 Loading class javax/swing/event/PopupMenuListener done
Event: 0.727 Loading class javax/swing/plaf/basic/BasicPopupMenuUI$BasicPopupMenuListener done
Event: 0.727 Loading class javax/swing/plaf/basic/BasicPopupMenuUI$BasicMenuKeyListener
Event: 0.727 Loading class javax/swing/event/MenuKeyListener
Event: 0.727 Loading class javax/swing/event/MenuKeyListener done
Event: 0.727 Loading class javax/swing/plaf/basic/BasicPopupMenuUI$BasicMenuKeyListener done
Event: 0.727 Loading class javax/swing/plaf/basic/BasicPopupMenuUI$MouseGrabber

Classes unloaded (0 events):
No events

Classes redefined (0 events):
No events

Internal exceptions (12 events):
Event: 0.225 Thread 0x000001f1388e73e0 Exception <a 'sun/nio/fs/WindowsException'{0x00000000c5c3f5c8}> (0x00000000c5c3f5c8) 
thrown [s\open\src\hotspot\share\prims\jni.cpp, line 519]
Event: 0.238 Thread 0x000001f1388e73e0 Exception <a 'sun/nio/fs/WindowsException'{0x00000000c5c41af0}> (0x00000000c5c41af0) 
thrown [s\open\src\hotspot\share\prims\jni.cpp, line 519]
Event: 0.238 Thread 0x000001f1388e73e0 Exception <a 'sun/nio/fs/WindowsException'{0x00000000c5c425f8}> (0x00000000c5c425f8) 
thrown [s\open\src\hotspot\share\prims\jni.cpp, line 519]
Event: 0.348 Thread 0x000001f1388e73e0 Exception <a 'java/lang/ClassNotFoundException'{0x00000000c5b82750}: sun/awt/resources/spi/awtProvider> (0x00000000c5b82750) 
thrown [s\open\src\hotspot\share\classfile\systemDictionary.cpp, line 305]
Event: 0.396 Thread 0x000001f1388e73e0 Exception <a 'java/io/FileNotFoundException'{0x00000000c5bd8468}> (0x00000000c5bd8468) 
thrown [s\open\src\hotspot\share\prims\jni.cpp, line 519]
Event: 0.408 Thread 0x000001f1388e73e0 Exception <a 'java/io/FileNotFoundException'{0x00000000c5a02cb0}> (0x00000000c5a02cb0) 
thrown [s\open\src\hotspot\share\prims\jni.cpp, line 519]
Event: 0.611 Thread 0x000001f1388e73e0 Exception <a 'java/lang/NoSuchMethodError'{0x00000000c5953188}: 'void java.lang.invoke.DirectMethodHandle$Holder.invokeSpecial(java.lang.Object, java.lang.Object, java.lang.Object)'> (0x00000000c5953188) 
thrown [s\open\src\hotspot\share\interpreter\linkResolver.cpp, line 773]
Event: 0.630 Thread 0x000001f1388e73e0 Exception <a 'java/lang/NoSuchMethodError'{0x00000000c597d828}: 'java.lang.Object java.lang.invoke.DirectMethodHandle$Holder.newInvokeSpecial(java.lang.Object, java.lang.Object, java.lang.Object, java.lang.Object, java.lang.Object)'> (0x00000000c597d828) 
thrown [s\open\src\hotspot\share\interpreter\linkResolver.cpp, line 773]
Event: 0.642 Thread 0x000001f1388e73e0 Exception <a 'java/lang/NoSuchMethodError'{0x00000000c59ae318}: 'java.lang.Object java.lang.invoke.DirectMethodHandle$Holder.invokeStatic(java.lang.Object, int, java.lang.Object)'> (0x00000000c59ae318) 
thrown [s\open\src\hotspot\share\interpreter\linkResolver.cpp, line 773]
Event: 0.690 Thread 0x000001f1388e73e0 Exception <a 'java/lang/ClassNotFoundException'{0x00000000c5869268}: com/sun/swing/internal/plaf/metal/resources/spi/metalProvider> (0x00000000c5869268) 
thrown [s\open\src\hotspot\share\classfile\systemDictionary.cpp, line 305]
Event: 0.692 Thread 0x000001f1388e73e0 Exception <a 'java/lang/ClassNotFoundException'{0x00000000c586d218}: com/sun/swing/internal/plaf/basic/resources/spi/basicProvider> (0x00000000c586d218) 
thrown [s\open\src\hotspot\share\classfile\systemDictionary.cpp, line 305]
Event: 0.708 Thread 0x000001f1388e73e0 Exception <a 'java/lang/NoSuchMethodError'{0x00000000c588c588}: 'int java.lang.invoke.Invokers$Holder.invokeExact_MT(java.lang.Object, java.lang.Object)'> (0x00000000c588c588) 
thrown [s\open\src\hotspot\share\interpreter\linkResolver.cpp, line 773]

VM Operations (6 events):
Event: 0.246 Executing VM operation: HandshakeAllThreads
Event: 0.246 Executing VM operation: HandshakeAllThreads done
Event: 0.430 Executing VM operation: HandshakeAllThreads
Event: 0.430 Executing VM operation: HandshakeAllThreads done
Event: 0.720 Executing VM operation: HandshakeAllThreads
Event: 0.720 Executing VM operation: HandshakeAllThreads done

Events (16 events):
Event: 0.075 Thread 0x000001f1388e73e0 Thread added: 0x000001f1388e73e0
Event: 0.115 Thread 0x000001f153358a80 Thread added: 0x000001f153358a80
Event: 0.116 Thread 0x000001f15335d690 Thread added: 0x000001f15335d690
Event: 0.117 Thread 0x000001f15335f260 Thread added: 0x000001f15335f260
Event: 0.117 Thread 0x000001f15335fba0 Thread added: 0x000001f15335fba0
Event: 0.117 Thread 0x000001f1533604e0 Thread added: 0x000001f1533604e0
Event: 0.117 Thread 0x000001f153364240 Thread added: 0x000001f153364240
Event: 0.117 Thread 0x000001f153376c20 Thread added: 0x000001f153376c20
Event: 0.118 Thread 0x000001f15337b1d0 Thread added: 0x000001f15337b1d0
Event: 0.188 Thread 0x000001f15781a560 Thread added: 0x000001f15781a560
Event: 0.282 Thread 0x000001f15337a6b0 Thread added: 0x000001f15337a6b0
Event: 0.285 Thread 0x000001f157967800 Thread added: 0x000001f157967800
Event: 0.497 Thread 0x000001f15337a6b0 Thread exited: 0x000001f15337a6b0
Event: 0.537 Thread 0x000001f1579ff2a0 Thread added: 0x000001f1579ff2a0
Event: 0.541 Thread 0x000001f1579ff7f0 Thread added: 0x000001f1579ff7f0
Event: 0.544 Thread 0x000001f157ad85a0 Thread added: 0x000001f157ad85a0


Dynamic libraries:
0x00007ff6ac6b0000 - 0x00007ff6ac6c0000 	C:\Program Files\Java\jdk-20\bin\java.exe
0x00007ffa440f0000 - 0x00007ffa442e8000 	C:\WINDOWS\SYSTEM32\ntdll.dll
0x00007ffa437c0000 - 0x00007ffa4387f000 	C:\WINDOWS\System32\KERNEL32.DLL
0x00007ffa41d10000 - 0x00007ffa41fea000 	C:\WINDOWS\System32\KERNELBASE.dll
0x00007ffa418b0000 - 0x00007ffa419b0000 	C:\WINDOWS\System32\ucrtbase.dll
0x00007ffa3bac0000 - 0x00007ffa3badb000 	C:\Program Files\Java\jdk-20\bin\VCRUNTIME140.dll
0x00007ffa3c280000 - 0x00007ffa3c299000 	C:\Program Files\Java\jdk-20\bin\jli.dll
0x00007ffa43880000 - 0x00007ffa4392e000 	C:\WINDOWS\System32\ADVAPI32.dll
0x00007ffa43a00000 - 0x00007ffa43a9e000 	C:\WINDOWS\System32\msvcrt.dll
0x00007ffa42370000 - 0x00007ffa4240c000 	C:\WINDOWS\System32\sechost.dll
0x00007ffa42150000 - 0x00007ffa42276000 	C:\WINDOWS\System32\RPCRT4.dll
0x00007ffa42410000 - 0x00007ffa425ad000 	C:\WINDOWS\System32\USER32.dll
0x00007ffa41c70000 - 0x00007ffa41c92000 	C:\WINDOWS\System32\win32u.dll
0x00007ffa427b0000 - 0x00007ffa427db000 	C:\WINDOWS\System32\GDI32.dll
0x00007ffa41ff0000 - 0x00007ffa42100000 	C:\WINDOWS\System32\gdi32full.dll
0x00007ffa419b0000 - 0x00007ffa41a4d000 	C:\WINDOWS\System32\msvcp_win.dll
0x00007ffa37a20000 - 0x00007ffa37cba000 	C:\WINDOWS\WinSxS\amd64_microsoft.windows.common-controls_6595b64144ccf1df_6.0.19041.1110_none_60b5254171f9507e\COMCTL32.dll
0x00007ffa3bba0000 - 0x00007ffa3bbaa000 	C:\WINDOWS\SYSTEM32\VERSION.dll
0x00007ffa43e10000 - 0x00007ffa43e40000 	C:\WINDOWS\System32\IMM32.DLL
0x00007ffa3c0c0000 - 0x00007ffa3c0cc000 	C:\Program Files\Java\jdk-20\bin\vcruntime140_1.dll
0x00007ffa361a0000 - 0x00007ffa3622e000 	C:\Program Files\Java\jdk-20\bin\msvcp140.dll
0x00007ff9dee90000 - 0x00007ff9dfb27000 	C:\Program Files\Java\jdk-20\bin\server\jvm.dll
0x00007ffa33830000 - 0x00007ffa33839000 	C:\WINDOWS\SYSTEM32\WSOCK32.dll
0x00007ffa34390000 - 0x00007ffa343b7000 	C:\WINDOWS\SYSTEM32\WINMM.dll
0x00007ffa43930000 - 0x00007ffa4399b000 	C:\WINDOWS\System32\WS2_32.dll
0x00007ffa40080000 - 0x00007ffa40092000 	C:\WINDOWS\SYSTEM32\kernel.appcore.dll
0x00007ffa3c000000 - 0x00007ffa3c00a000 	C:\Program Files\Java\jdk-20\bin\jimage.dll
0x00007ffa3f570000 - 0x00007ffa3f754000 	C:\WINDOWS\SYSTEM32\DBGHELP.DLL
0x00007ffa3a3c0000 - 0x00007ffa3a3f4000 	C:\WINDOWS\SYSTEM32\dbgcore.DLL
0x00007ffa41a50000 - 0x00007ffa41ad2000 	C:\WINDOWS\System32\bcryptPrimitives.dll
0x00007ffa3b9f0000 - 0x00007ffa3ba16000 	C:\Program Files\Java\jdk-20\bin\java.dll
0x00007ffa398b0000 - 0x00007ffa39987000 	C:\Program Files\Java\jdk-20\bin\jsvml.dll
0x00007ffa42fa0000 - 0x00007ffa436e4000 	C:\WINDOWS\System32\SHELL32.dll
0x00007ffa3f8a0000 - 0x00007ffa40033000 	C:\WINDOWS\SYSTEM32\windows.storage.dll
0x00007ffa43aa0000 - 0x00007ffa43df4000 	C:\WINDOWS\System32\combase.dll
0x00007ffa41180000 - 0x00007ffa411ae000 	C:\WINDOWS\SYSTEM32\Wldp.dll
0x00007ffa436f0000 - 0x00007ffa4379d000 	C:\WINDOWS\System32\SHCORE.dll
0x00007ffa42310000 - 0x00007ffa42365000 	C:\WINDOWS\System32\shlwapi.dll
0x00007ffa41740000 - 0x00007ffa4175f000 	C:\WINDOWS\SYSTEM32\profapi.dll
0x00007ffa3b730000 - 0x00007ffa3b743000 	C:\Program Files\Java\jdk-20\bin\net.dll
0x00007ffa385a0000 - 0x00007ffa386aa000 	C:\WINDOWS\SYSTEM32\WINHTTP.dll
0x00007ffa40ee0000 - 0x00007ffa40f4a000 	C:\WINDOWS\system32\mswsock.dll
0x00007ffa3b540000 - 0x00007ffa3b556000 	C:\Program Files\Java\jdk-20\bin\nio.dll
0x00007ffa3b2d0000 - 0x00007ffa3b2e8000 	C:\Program Files\Java\jdk-20\bin\zip.dll
0x00007ffa15da0000 - 0x00007ffa15f31000 	C:\Program Files\Java\jdk-20\bin\awt.dll
0x00007ffa43fe0000 - 0x00007ffa440ad000 	C:\WINDOWS\System32\OLEAUT32.dll
0x00007ffa3e940000 - 0x00007ffa3e9d0000 	C:\WINDOWS\SYSTEM32\apphelp.dll
0x00007ffa3f1c0000 - 0x00007ffa3f1ef000 	C:\WINDOWS\system32\DWMAPI.DLL
0x00007ffa3ed10000 - 0x00007ffa3edae000 	C:\WINDOWS\system32\uxtheme.dll
0x00007ffa2c870000 - 0x00007ffa2c995000 	C:\WINDOWS\system32\opengl32.dll
0x00007ffa2c840000 - 0x00007ffa2c86c000 	C:\WINDOWS\SYSTEM32\GLU32.dll
0x00007ffa43e40000 - 0x00007ffa43f54000 	C:\WINDOWS\System32\MSCTF.dll
0x00007ffa42680000 - 0x00007ffa427aa000 	C:\WINDOWS\System32\ole32.dll

dbghelp: loaded successfully - version: 4.0.5 - missing functions: none
symbol engine: initialized successfully - sym options: 0x614 - pdb path: .;C:\Program Files\Java\jdk-20\bin;C:\WINDOWS\SYSTEM32;C:\WINDOWS\WinSxS\amd64_microsoft.windows.common-controls_6595b64144ccf1df_6.0.19041.1110_none_60b5254171f9507e;C:\Program Files\Java\jdk-20\bin\server

VM Arguments:
jvm_args: -Dfile.encoding=UTF-8 -Djava.security.policy=applet.policy --module-path=C:\Users\DELL\Documents\NetBeansProjects\bank management system1\build\classes 
java_command: bank.management.system1.Signuptwo
java_class_path (initial): C:\Users\DELL\Documents\NetBeansProjects\bank management system1\build\classes\jcalendar-tz-1.3.3-4.jar;C:\Users\DELL\Downloads\mysql-connector-java-8.0.28.jar;C:\Users\DELL\Documents\NetBeansProjects\bank management system1\build\classes
Launcher Type: SUN_STANDARD

[Global flags]
     intx CICompilerCount                          = 3                                         {product} {ergonomic}
     uint ConcGCThreads                            = 1                                         {product} {ergonomic}
     uint G1ConcRefinementThreads                  = 4                                         {product} {ergonomic}
   size_t G1HeapRegionSize                         = 1048576                                   {product} {ergonomic}
    uintx GCDrainStackTargetSize                   = 64                                        {product} {ergonomic}
   size_t InitialHeapSize                          = 65011712                                  {product} {ergonomic}
   size_t MarkStackSize                            = 4194304                                   {product} {ergonomic}
   size_t MaxHeapSize                              = 1040187392                                {product} {ergonomic}
   size_t MaxNewSize                               = 623902720                                 {product} {ergonomic}
   size_t MinHeapDeltaBytes                        = 1048576                                   {product} {ergonomic}
   size_t MinHeapSize                              = 8388608                                   {product} {ergonomic}
    uintx NonNMethodCodeHeapSize                   = 5832780                                {pd product} {ergonomic}
    uintx NonProfiledCodeHeapSize                  = 122912730                              {pd product} {ergonomic}
    uintx ProfiledCodeHeapSize                     = 122912730                              {pd product} {ergonomic}
    uintx ReservedCodeCacheSize                    = 251658240                              {pd product} {ergonomic}
     bool SegmentedCodeCache                       = true                                      {product} {ergonomic}
   size_t SoftMaxHeapSize                          = 1040187392                             {manageable} {ergonomic}
     bool UseCompressedClassPointers               = true                           {product lp64_product} {ergonomic}
     bool UseCompressedOops                        = true                           {product lp64_product} {ergonomic}
     bool UseG1GC                                  = true                                      {product} {ergonomic}
     bool UseLargePagesIndividualAllocation        = false                                  {pd product} {ergonomic}

Logging:
Log output configuration:
 #0: stdout all=warning uptime,level,tags foldmultilines=false
 #1: stderr all=off uptime,level,tags foldmultilines=false

Environment Variables:
PATH=C:\Program Files\Common Files\Oracle\Java\javapath;C:\WINDOWS\system32;C:\WINDOWS;C:\WINDOWS\System32\Wbem;C:\WINDOWS\System32\WindowsPowerShell\v1.0\;C:\WINDOWS\System32\OpenSSH\;C:\Program Files\Java\jdk-17\bin;C:\Program Files\Java\jdk-20\bin;C:\Program Files\MySQL\MySQL Shell 8.0\bin\;C:\Users\DELL\AppData\Local\Microsoft\WindowsApps;C:\Program Files\Java\jdk-20\bin;;C:\Program Files\JetBrains\IntelliJ IDEA Community Edition 2023.1\bin;
USERNAME=Raju Raj
OS=Windows_NT
PROCESSOR_IDENTIFIER=Intel64 Family 6 Model 142 Stepping 9, GenuineIntel
TMP=C:\Users\DELL\AppData\Local\Temp
TEMP=C:\Users\DELL\AppData\Local\Temp




---------------  S Y S T E M  ---------------

OS:
 Windows 10 , 64 bit Build 19041 (10.0.19041.2788)
OS uptime: 1 days 10:50 hours

CPU: total 4 (initial active 4) (2 cores per cpu, 2 threads per core) family 6 model 142 stepping 9 microcode 0xb4, cx8, cmov, fxsr, ht, mmx, 3dnowpref, sse, sse2, sse3, ssse3, sse4.1, sse4.2, popcnt, lzcnt, tsc, tscinvbit, avx, avx2, aes, erms, clmul, bmi1, bmi2, adx, fma, vzeroupper, clflush, clflushopt, rdtscp, f16c

Memory: 4k page, system-wide physical 3962M (441M free)
TotalPageFile size 16250M (AvailPageFile size 2M)
current process WorkingSet (physical memory assigned to process): 47M, peak: 47M
current process commit charge ("private bytes"): 140M, peak: 140M

vm_info: Java HotSpot(TM) 64-Bit Server VM (20+36-2344) for windows-amd64 JRE (20+36-2344), built on 2023-02-10T19:30:15Z by "mach5one" with MS VC++ 17.1 (VS2022)

END.
