#
# There is insufficient memory for the Java Runtime Environment to continue.
# Native memory allocation (malloc) failed to allocate 32744 bytes for Chunk::new
# Possible reasons:
#   The system is out of physical RAM or swap space
#   The process is running with CompressedOops enabled, and the Java Heap may be blocking the growth of the native heap
# Possible solutions:
#   Reduce memory load on the system
#   Increase physical memory or swap space
#   Check if swap backing store is full
#   Decrease Java heap size (-Xmx/-Xms)
#   Decrease number of Java threads
#   Decrease Java thread stack sizes (-Xss)
#   Set larger code cache with -XX:ReservedCodeCacheSize=
#   JVM is running with Unscaled Compressed Oops mode in which the Java heap is
#     placed in the first 4GB address space. The Java Heap base address is the
#     maximum limit for the native heap growth. Please use -XX:HeapBaseMinAddress
#     to set the Java Heap base and to place the Java Heap above 4GB virtual address.
# This output file may be truncated or incomplete.
#
#  Out of Memory Error (arena.cpp:184), pid=6856, tid=14924
#
# JRE version: Java(TM) SE Runtime Environment (20.0+36) (build 20+36-2344)
# Java VM: Java HotSpot(TM) 64-Bit Server VM (20+36-2344, mixed mode, tiered, compressed oops, compressed class ptrs, g1 gc, windows-amd64)
# No core dump will be written. Minidumps are not enabled by default on client versions of Windows
#

---------------  S U M M A R Y ------------

Command Line: -Dfile.encoding=UTF-8 -Djava.security.policy=applet.policy --module-path=C:\Users\DELL\Documents\NetBeansProjects\bank management system1\build\classes bank.management.system1.Signuptwo

Host: Intel(R) Core(TM) i3-7020U CPU @ 2.30GHz, 4 cores, 3G,  Windows 10 , 64 bit Build 19041 (10.0.19041.2788)
Time: Sat Apr 15 23:51:13 2023 India Standard Time elapsed time: 0.238180 seconds (0d 0h 0m 0s)

---------------  T H R E A D  ---------------

Current thread (0x00000228f2989290):  JavaThread "main" [_thread_in_vm, id=14924, stack(0x00000072e2000000,0x00000072e2100000)]

Stack: [0x00000072e2000000,0x00000072e2100000]
Native frames: (J=compiled Java code, j=interpreted, Vv=VM code, C=native code)
V  [jvm.dll+0x6bb95a]
V  [jvm.dll+0x8483aa]
V  [jvm.dll+0x849fa5]
V  [jvm.dll+0x84a6a3]
V  [jvm.dll+0x280b0f]
V  [jvm.dll+0xc2b11]
V  [jvm.dll+0xc2e35]
V  [jvm.dll+0x21ab8d]
V  [jvm.dll+0x21b975]
V  [jvm.dll+0x21c361]
V  [jvm.dll+0x211780]
V  [jvm.dll+0x59c26c]
V  [jvm.dll+0x222d6a]
V  [jvm.dll+0x7c2aa4]
V  [jvm.dll+0x7c3ba9]
V  [jvm.dll+0x7c414f]
V  [jvm.dll+0x7c3df8]
V  [jvm.dll+0x27024b]
V  [jvm.dll+0x3d9f3a]
C  0x0000022887553f1b

Java frames: (J=compiled Java code, j=interpreted, Vv=VM code)
j  java.lang.invoke.MethodHandles$Lookup.resolveOrFail(BLjava/lang/Class;Ljava/lang/String;Ljava/lang/Class;)Ljava/lang/invoke/MemberName;+40 java.base@20
j  java.lang.invoke.ClassSpecializer$Factory.linkCodeToSpeciesData(Ljava/lang/Class;Ljava/lang/invoke/ClassSpecializer$SpeciesData;Z)V+57 java.base@20
j  java.lang.invoke.ClassSpecializer$Factory.loadSpecies(Ljava/lang/invoke/ClassSpecializer$SpeciesData;)Ljava/lang/invoke/ClassSpecializer$SpeciesData;+93 java.base@20
j  java.lang.invoke.ClassSpecializer.findSpecies(Ljava/lang/Object;)Ljava/lang/invoke/ClassSpecializer$SpeciesData;+53 java.base@20
j  java.lang.invoke.ClassSpecializer.<init>(Ljava/lang/Class;Ljava/lang/Class;Ljava/lang/Class;Ljava/lang/invoke/MethodType;Ljava/lang/invoke/MemberName;Ljava/lang/String;Ljava/util/List;)V+93 java.base@20
j  java.lang.invoke.BoundMethodHandle$Specializer.<init>()V+32 java.base@20
j  java.lang.invoke.BoundMethodHandle.<clinit>()V+20 java.base@20
v  ~StubRoutines::call_stub 0x000002288753100d
j  java.lang.invoke.DirectMethodHandle.rebind()Ljava/lang/invoke/BoundMethodHandle;+1 java.base@20
j  java.lang.invoke.MethodHandles.dropArgumentsTrusted(Ljava/lang/invoke/MethodHandle;I[Ljava/lang/Class;)Ljava/lang/invoke/MethodHandle;+29 java.base@20
j  java.lang.invoke.MethodHandles.dropArguments(Ljava/lang/invoke/MethodHandle;I[Ljava/lang/Class;)Ljava/lang/invoke/MethodHandle;+9 java.base@20
j  jdk.internal.reflect.MethodHandleAccessorFactory.makeSpecializedTarget(Ljava/lang/invoke/MethodHandle;ZZ)Ljava/lang/invoke/MethodHandle;+86 java.base@20
j  jdk.internal.reflect.MethodHandleAccessorFactory.getDirectMethod(Ljava/lang/reflect/Method;Z)Ljava/lang/invoke/MethodHandle;+79 java.base@20
j  jdk.internal.reflect.MethodHandleAccessorFactory.newMethodAccessor(Ljava/lang/reflect/Method;Z)Ljdk/internal/reflect/MethodAccessorImpl;+41 java.base@20
j  jdk.internal.reflect.ReflectionFactory.newMethodAccessor(Ljava/lang/reflect/Method;Z)Ljdk/internal/reflect/MethodAccessor;+28 java.base@20
j  java.lang.reflect.Method.acquireMethodAccessor()Ljdk/internal/reflect/MethodAccessor;+38 java.base@20
j  java.lang.reflect.Method.invoke(Ljava/lang/Object;[Ljava/lang/Object;)Ljava/lang/Object;+75 java.base@20
j  java.lang.Class.getEnumConstantsShared()[Ljava/lang/Object;+49 java.base@20
j  java.lang.System$2.getEnumConstantsShared(Ljava/lang/Class;)[Ljava/lang/Enum;+1 java.base@20
j  java.util.EnumMap.getKeyUniverse(Ljava/lang/Class;)[Ljava/lang/Enum;+4 java.base@20
j  java.util.EnumMap.<init>(Ljava/lang/Class;)V+16 java.base@20
j  java.util.stream.StreamOpFlag.set(Ljava/util/stream/StreamOpFlag$Type;)Ljava/util/stream/StreamOpFlag$MaskBuilder;+10 java.base@20
j  java.util.stream.StreamOpFlag.<clinit>()V+11 java.base@20
v  ~StubRoutines::call_stub 0x000002288753100d
j  java.util.stream.StreamSupport.stream(Ljava/util/Spliterator;Z)Ljava/util/stream/Stream;+11 java.base@20
j  java.util.Collection.stream()Ljava/util/stream/Stream;+7 java.base@20
j  jdk.internal.module.DefaultRoots.compute(Ljava/lang/module/ModuleFinder;Ljava/lang/module/ModuleFinder;)Ljava/util/Set;+6 java.base@20
j  jdk.internal.module.ModuleBootstrap.boot2()Ljava/lang/ModuleLayer;+727 java.base@20
j  jdk.internal.module.ModuleBootstrap.boot()Ljava/lang/ModuleLayer;+64 java.base@20
j  java.lang.System.initPhase2(ZZ)I+0 java.base@20
v  ~StubRoutines::call_stub 0x000002288753100d

---------------  P R O C E S S  ---------------

Threads class SMR info:
_java_thread_list=0x000002288f1cbde0, length=9, elements={
0x00000228f2989290, 0x000002288f1d0680, 0x000002288f1d1c20, 0x000002288f1efc20,
0x000002288f1f0560, 0x000002288f1f1c50, 0x000002288f1f3a70, 0x000002288f1dd020,
0x000002288f1f9ff0
}

Java Threads: ( => current thread )
=>0x00000228f2989290 JavaThread "main" [_thread_in_vm, id=14924, stack(0x00000072e2000000,0x00000072e2100000)]
  0x000002288f1d0680 JavaThread "Reference Handler" daemon [_thread_blocked, id=7608, stack(0x00000072e2700000,0x00000072e2800000)]
  0x000002288f1d1c20 JavaThread "Finalizer" daemon [_thread_blocked, id=16272, stack(0x00000072e2800000,0x00000072e2900000)]
  0x000002288f1efc20 JavaThread "Signal Dispatcher" daemon [_thread_blocked, id=6084, stack(0x00000072e2900000,0x00000072e2a00000)]
  0x000002288f1f0560 JavaThread "Attach Listener" daemon [_thread_blocked, id=14104, stack(0x00000072e2a00000,0x00000072e2b00000)]
  0x000002288f1f1c50 JavaThread "Service Thread" daemon [_thread_blocked, id=16236, stack(0x00000072e2b00000,0x00000072e2c00000)]
  0x000002288f1f3a70 JavaThread "Monitor Deflation Thread" daemon [_thread_blocked, id=11936, stack(0x00000072e2c00000,0x00000072e2d00000)]
  0x000002288f1dd020 JavaThread "C2 CompilerThread0" daemon [_thread_blocked, id=19444, stack(0x00000072e2d00000,0x00000072e2e00000)]
  0x000002288f1f9ff0 JavaThread "C1 CompilerThread0" daemon [_thread_blocked, id=1352, stack(0x00000072e2e00000,0x00000072e2f00000)]

Other Threads:
  0x00000228f2a5e830 VMThread "VM Thread" [stack: 0x00000072e2600000,0x00000072e2700000] [id=12740]
  0x00000228f29c9460 WorkerThread "GC Thread#0" [stack: 0x00000072e2100000,0x00000072e2200000] [id=10172]
  0x00000228f29d3030 ConcurrentGCThread "G1 Main Marker" [stack: 0x00000072e2200000,0x00000072e2300000] [id=1312]
  0x00000228f29d4110 WorkerThread "G1 Conc#0" [stack: 0x00000072e2300000,0x00000072e2400000] [id=1608]
  0x00000228f2a2a5b0 ConcurrentGCThread "G1 Refine#0" [stack: 0x00000072e2400000,0x00000072e2500000] [id=1128]
  0x00000228f2a2af60 ConcurrentGCThread "G1 Service" [stack: 0x00000072e2500000,0x00000072e2600000] [id=11200]

Threads with active compile tasks:

VM state: not at safepoint (normal execution)

VM Mutex/Monitor currently owned by a thread: None

Heap address: 0x00000000c2000000, size: 992 MB, Compressed Oops mode: 32-bit

CDS archive(s) not mapped
Compressed class space mapped at: 0x0000000100000000-0x0000000140000000, reserved size: 1073741824
Narrow klass base: 0x0000000000000000, Narrow klass shift: 3, Narrow klass range: 0x140000000

GC Precious Log:
 CardTable entry size: 512
 Card Set container configuration: InlinePtr #cards 5 size 8 Array Of Cards #cards 12 size 40 Howl #buckets 4 coarsen threshold 1843 Howl Bitmap #cards 512 size 80 coarsen threshold 460 Card regions per heap region 1 cards per card region 2048
 CPUs: 4 total, 4 available
 Memory: 3962M
 Large Page Support: Disabled
 NUMA Support: Disabled
 Compressed Oops: Enabled (32-bit)
 Heap Region Size: 1M
 Heap Min Capacity: 8M
 Heap Initial Capacity: 62M
 Heap Max Capacity: 992M
 Pre-touch: Disabled
 Parallel Workers: 4
 Concurrent Workers: 1
 Concurrent Refinement Workers: 4
 Periodic GC: Disabled

Heap:
 garbage-first heap   total 63488K, used 1024K [0x00000000c2000000, 0x0000000100000000)
  region size 1024K, 2 young (2048K), 0 survivors (0K)
 Metaspace       used 4735K, committed 4800K, reserved 1114112K
  class space    used 363K, committed 384K, reserved 1048576K

Heap Regions: E=young(eden), S=young(survivor), O=old, HS=humongous(starts), HC=humongous(continues), CS=collection set, F=free, OA=open archive, CA=closed archive, TAMS=top-at-mark-start, PB=parsable bottom
|   0|0x00000000c2000000, 0x00000000c2000000, 0x00000000c2100000|  0%| F|  |TAMS 0x00000000c2000000| PB 0x00000000c2000000| Untracked 
|   1|0x00000000c2100000, 0x00000000c2100000, 0x00000000c2200000|  0%| F|  |TAMS 0x00000000c2100000| PB 0x00000000c2100000| Untracked 
|   2|0x00000000c2200000, 0x00000000c2200000, 0x00000000c2300000|  0%| F|  |TAMS 0x00000000c2200000| PB 0x00000000c2200000| Untracked 
|   3|0x00000000c2300000, 0x00000000c2300000, 0x00000000c2400000|  0%| F|  |TAMS 0x00000000c2300000| PB 0x00000000c2300000| Untracked 
|   4|0x00000000c2400000, 0x00000000c2400000, 0x00000000c2500000|  0%| F|  |TAMS 0x00000000c2400000| PB 0x00000000c2400000| Untracked 
|   5|0x00000000c2500000, 0x00000000c2500000, 0x00000000c2600000|  0%| F|  |TAMS 0x00000000c2500000| PB 0x00000000c2500000| Untracked 
|   6|0x00000000c2600000, 0x00000000c2600000, 0x00000000c2700000|  0%| F|  |TAMS 0x00000000c2600000| PB 0x00000000c2600000| Untracked 
|   7|0x00000000c2700000, 0x00000000c2700000, 0x00000000c2800000|  0%| F|  |TAMS 0x00000000c2700000| PB 0x00000000c2700000| Untracked 
|   8|0x00000000c2800000, 0x00000000c2800000, 0x00000000c2900000|  0%| F|  |TAMS 0x00000000c2800000| PB 0x00000000c2800000| Untracked 
|   9|0x00000000c2900000, 0x00000000c2900000, 0x00000000c2a00000|  0%| F|  |TAMS 0x00000000c2900000| PB 0x00000000c2900000| Untracked 
|  10|0x00000000c2a00000, 0x00000000c2a00000, 0x00000000c2b00000|  0%| F|  |TAMS 0x00000000c2a00000| PB 0x00000000c2a00000| Untracked 
|  11|0x00000000c2b00000, 0x00000000c2b00000, 0x00000000c2c00000|  0%| F|  |TAMS 0x00000000c2b00000| PB 0x00000000c2b00000| Untracked 
|  12|0x00000000c2c00000, 0x00000000c2c00000, 0x00000000c2d00000|  0%| F|  |TAMS 0x00000000c2c00000| PB 0x00000000c2c00000| Untracked 
|  13|0x00000000c2d00000, 0x00000000c2d00000, 0x00000000c2e00000|  0%| F|  |TAMS 0x00000000c2d00000| PB 0x00000000c2d00000| Untracked 
|  14|0x00000000c2e00000, 0x00000000c2e00000, 0x00000000c2f00000|  0%| F|  |TAMS 0x00000000c2e00000| PB 0x00000000c2e00000| Untracked 
|  15|0x00000000c2f00000, 0x00000000c2f00000, 0x00000000c3000000|  0%| F|  |TAMS 0x00000000c2f00000| PB 0x00000000c2f00000| Untracked 
|  16|0x00000000c3000000, 0x00000000c3000000, 0x00000000c3100000|  0%| F|  |TAMS 0x00000000c3000000| PB 0x00000000c3000000| Untracked 
|  17|0x00000000c3100000, 0x00000000c3100000, 0x00000000c3200000|  0%| F|  |TAMS 0x00000000c3100000| PB 0x00000000c3100000| Untracked 
|  18|0x00000000c3200000, 0x00000000c3200000, 0x00000000c3300000|  0%| F|  |TAMS 0x00000000c3200000| PB 0x00000000c3200000| Untracked 
|  19|0x00000000c3300000, 0x00000000c3300000, 0x00000000c3400000|  0%| F|  |TAMS 0x00000000c3300000| PB 0x00000000c3300000| Untracked 
|  20|0x00000000c3400000, 0x00000000c3400000, 0x00000000c3500000|  0%| F|  |TAMS 0x00000000c3400000| PB 0x00000000c3400000| Untracked 
|  21|0x00000000c3500000, 0x00000000c3500000, 0x00000000c3600000|  0%| F|  |TAMS 0x00000000c3500000| PB 0x00000000c3500000| Untracked 
|  22|0x00000000c3600000, 0x00000000c3600000, 0x00000000c3700000|  0%| F|  |TAMS 0x00000000c3600000| PB 0x00000000c3600000| Untracked 
|  23|0x00000000c3700000, 0x00000000c3700000, 0x00000000c3800000|  0%| F|  |TAMS 0x00000000c3700000| PB 0x00000000c3700000| Untracked 
|  24|0x00000000c3800000, 0x00000000c3800000, 0x00000000c3900000|  0%| F|  |TAMS 0x00000000c3800000| PB 0x00000000c3800000| Untracked 
|  25|0x00000000c3900000, 0x00000000c3900000, 0x00000000c3a00000|  0%| F|  |TAMS 0x00000000c3900000| PB 0x00000000c3900000| Untracked 
|  26|0x00000000c3a00000, 0x00000000c3a00000, 0x00000000c3b00000|  0%| F|  |TAMS 0x00000000c3a00000| PB 0x00000000c3a00000| Untracked 
|  27|0x00000000c3b00000, 0x00000000c3b00000, 0x00000000c3c00000|  0%| F|  |TAMS 0x00000000c3b00000| PB 0x00000000c3b00000| Untracked 
|  28|0x00000000c3c00000, 0x00000000c3c00000, 0x00000000c3d00000|  0%| F|  |TAMS 0x00000000c3c00000| PB 0x00000000c3c00000| Untracked 
|  29|0x00000000c3d00000, 0x00000000c3d00000, 0x00000000c3e00000|  0%| F|  |TAMS 0x00000000c3d00000| PB 0x00000000c3d00000| Untracked 
|  30|0x00000000c3e00000, 0x00000000c3e00000, 0x00000000c3f00000|  0%| F|  |TAMS 0x00000000c3e00000| PB 0x00000000c3e00000| Untracked 
|  31|0x00000000c3f00000, 0x00000000c3f00000, 0x00000000c4000000|  0%| F|  |TAMS 0x00000000c3f00000| PB 0x00000000c3f00000| Untracked 
|  32|0x00000000c4000000, 0x00000000c4000000, 0x00000000c4100000|  0%| F|  |TAMS 0x00000000c4000000| PB 0x00000000c4000000| Untracked 
|  33|0x00000000c4100000, 0x00000000c4100000, 0x00000000c4200000|  0%| F|  |TAMS 0x00000000c4100000| PB 0x00000000c4100000| Untracked 
|  34|0x00000000c4200000, 0x00000000c4200000, 0x00000000c4300000|  0%| F|  |TAMS 0x00000000c4200000| PB 0x00000000c4200000| Untracked 
|  35|0x00000000c4300000, 0x00000000c4300000, 0x00000000c4400000|  0%| F|  |TAMS 0x00000000c4300000| PB 0x00000000c4300000| Untracked 
|  36|0x00000000c4400000, 0x00000000c4400000, 0x00000000c4500000|  0%| F|  |TAMS 0x00000000c4400000| PB 0x00000000c4400000| Untracked 
|  37|0x00000000c4500000, 0x00000000c4500000, 0x00000000c4600000|  0%| F|  |TAMS 0x00000000c4500000| PB 0x00000000c4500000| Untracked 
|  38|0x00000000c4600000, 0x00000000c4600000, 0x00000000c4700000|  0%| F|  |TAMS 0x00000000c4600000| PB 0x00000000c4600000| Untracked 
|  39|0x00000000c4700000, 0x00000000c4700000, 0x00000000c4800000|  0%| F|  |TAMS 0x00000000c4700000| PB 0x00000000c4700000| Untracked 
|  40|0x00000000c4800000, 0x00000000c4800000, 0x00000000c4900000|  0%| F|  |TAMS 0x00000000c4800000| PB 0x00000000c4800000| Untracked 
|  41|0x00000000c4900000, 0x00000000c4900000, 0x00000000c4a00000|  0%| F|  |TAMS 0x00000000c4900000| PB 0x00000000c4900000| Untracked 
|  42|0x00000000c4a00000, 0x00000000c4a00000, 0x00000000c4b00000|  0%| F|  |TAMS 0x00000000c4a00000| PB 0x00000000c4a00000| Untracked 
|  43|0x00000000c4b00000, 0x00000000c4b00000, 0x00000000c4c00000|  0%| F|  |TAMS 0x00000000c4b00000| PB 0x00000000c4b00000| Untracked 
|  44|0x00000000c4c00000, 0x00000000c4c00000, 0x00000000c4d00000|  0%| F|  |TAMS 0x00000000c4c00000| PB 0x00000000c4c00000| Untracked 
|  45|0x00000000c4d00000, 0x00000000c4d00000, 0x00000000c4e00000|  0%| F|  |TAMS 0x00000000c4d00000| PB 0x00000000c4d00000| Untracked 
|  46|0x00000000c4e00000, 0x00000000c4e00000, 0x00000000c4f00000|  0%| F|  |TAMS 0x00000000c4e00000| PB 0x00000000c4e00000| Untracked 
|  47|0x00000000c4f00000, 0x00000000c4f00000, 0x00000000c5000000|  0%| F|  |TAMS 0x00000000c4f00000| PB 0x00000000c4f00000| Untracked 
|  48|0x00000000c5000000, 0x00000000c5000000, 0x00000000c5100000|  0%| F|  |TAMS 0x00000000c5000000| PB 0x00000000c5000000| Untracked 
|  49|0x00000000c5100000, 0x00000000c5100000, 0x00000000c5200000|  0%| F|  |TAMS 0x00000000c5100000| PB 0x00000000c5100000| Untracked 
|  50|0x00000000c5200000, 0x00000000c5200000, 0x00000000c5300000|  0%| F|  |TAMS 0x00000000c5200000| PB 0x00000000c5200000| Untracked 
|  51|0x00000000c5300000, 0x00000000c5300000, 0x00000000c5400000|  0%| F|  |TAMS 0x00000000c5300000| PB 0x00000000c5300000| Untracked 
|  52|0x00000000c5400000, 0x00000000c5400000, 0x00000000c5500000|  0%| F|  |TAMS 0x00000000c5400000| PB 0x00000000c5400000| Untracked 
|  53|0x00000000c5500000, 0x00000000c5500000, 0x00000000c5600000|  0%| F|  |TAMS 0x00000000c5500000| PB 0x00000000c5500000| Untracked 
|  54|0x00000000c5600000, 0x00000000c5600000, 0x00000000c5700000|  0%| F|  |TAMS 0x00000000c5600000| PB 0x00000000c5600000| Untracked 
|  55|0x00000000c5700000, 0x00000000c5700000, 0x00000000c5800000|  0%| F|  |TAMS 0x00000000c5700000| PB 0x00000000c5700000| Untracked 
|  56|0x00000000c5800000, 0x00000000c5800000, 0x00000000c5900000|  0%| F|  |TAMS 0x00000000c5800000| PB 0x00000000c5800000| Untracked 
|  57|0x00000000c5900000, 0x00000000c5900000, 0x00000000c5a00000|  0%| F|  |TAMS 0x00000000c5900000| PB 0x00000000c5900000| Untracked 
|  58|0x00000000c5a00000, 0x00000000c5a00000, 0x00000000c5b00000|  0%| F|  |TAMS 0x00000000c5a00000| PB 0x00000000c5a00000| Untracked 
|  59|0x00000000c5b00000, 0x00000000c5b00000, 0x00000000c5c00000|  0%| F|  |TAMS 0x00000000c5b00000| PB 0x00000000c5b00000| Untracked 
|  60|0x00000000c5c00000, 0x00000000c5c00800, 0x00000000c5d00000|  0%| E|  |TAMS 0x00000000c5c00000| PB 0x00000000c5c00000| Complete 
|  61|0x00000000c5d00000, 0x00000000c5e00000, 0x00000000c5e00000|100%| E|CS|TAMS 0x00000000c5d00000| PB 0x00000000c5d00000| Complete 

Card table byte_map: [0x00000228fac40000,0x00000228fae30000] _byte_map_base: 0x00000228fa630000

Marking Bits: (CMBitMap*) 0x00000228f29ca9b0
 Bits: [0x00000228fb020000, 0x00000228fbfa0000)

Polling page: 0x00000228f0920000

Metaspace:

Usage:
  Non-class:      4.27 MB used.
      Class:    363.62 KB used.
       Both:      4.62 MB used.

Virtual space:
  Non-class space:       64.00 MB reserved,       4.31 MB (  7%) committed,  1 nodes.
      Class space:        1.00 GB reserved,     384.00 KB ( <1%) committed,  1 nodes.
             Both:        1.06 GB reserved,       4.69 MB ( <1%) committed. 

Chunk freelists:
   Non-Class:  3.00 MB
       Class:  3.62 MB
        Both:  6.62 MB

MaxMetaspaceSize: unlimited
CompressedClassSpaceSize: 1.00 GB
Initial GC threshold: 21.00 MB
Current GC threshold: 21.00 MB
CDS: off
MetaspaceReclaimPolicy: balanced
 - commit_granule_bytes: 65536.
 - commit_granule_words: 8192.
 - virtual_space_node_default_size: 8388608.
 - enlarge_chunks_in_place: 1.
 - new_chunks_are_fully_committed: 0.
 - uncommit_free_chunks: 1.
 - use_allocation_guard: 0.


Internal statistics:

num_allocs_failed_limit: 0.
num_arena_births: 2.
num_arena_deaths: 0.
num_vsnodes_births: 2.
num_vsnodes_deaths: 0.
num_space_committed: 75.
num_space_uncommitted: 0.
num_chunks_returned_to_freelist: 0.
num_chunks_taken_from_freelist: 5.
num_chunk_merges: 0.
num_chunk_splits: 2.
num_chunks_enlarged: 0.
num_inconsistent_stats: 0.

CodeHeap 'non-profiled nmethods': size=120000Kb used=7Kb max_used=7Kb free=119992Kb
 bounds [0x0000022887ad0000, 0x0000022887d40000, 0x000002288f000000]
CodeHeap 'profiled nmethods': size=120000Kb used=51Kb max_used=51Kb free=119948Kb
 bounds [0x0000022880000000, 0x0000022880270000, 0x0000022887530000]
CodeHeap 'non-nmethods': size=5760Kb used=1260Kb max_used=1260Kb free=4499Kb
 bounds [0x0000022887530000, 0x00000228877a0000, 0x0000022887ad0000]
 total_blobs=369 nmethods=41 adapters=239
 compilation: enabled
              stopped_count=0, restarted_count=0
 full_count=0

Compilation events (20 events):
Event: 0.196 Thread 0x000002288f1f9ff0 nmethod 25 0x0000022880007590 code [0x0000022880007720, 0x0000022880007920]
Event: 0.196 Thread 0x000002288f1f9ff0   24       1       java.lang.module.ModuleDescriptor::name (5 bytes)
Event: 0.196 Thread 0x000002288f1f9ff0 nmethod 24 0x0000022887ad0710 code [0x0000022887ad0880, 0x0000022887ad0948]
Event: 0.197 Thread 0x000002288f1f9ff0   26       1       java.lang.module.ModuleReference::descriptor (5 bytes)
Event: 0.197 Thread 0x000002288f1f9ff0 nmethod 26 0x0000022887ad0a10 code [0x0000022887ad0b80, 0x0000022887ad0c48]
Event: 0.197 Thread 0x000002288f1f9ff0   27       3       java.net.URI::hash (33 bytes)
Event: 0.197 Thread 0x000002288f1f9ff0 nmethod 27 0x0000022880007a10 code [0x0000022880007c00, 0x0000022880008098]
Event: 0.201 Thread 0x000002288f1f9ff0   28       3       java.lang.String::isEmpty (14 bytes)
Event: 0.202 Thread 0x000002288f1f9ff0 nmethod 28 0x0000022880008290 code [0x0000022880008420, 0x0000022880008598]
Event: 0.203 Thread 0x000002288f1f9ff0   29       3       java.lang.StringLatin1::indexOfChar (33 bytes)
Event: 0.204 Thread 0x000002288f1f9ff0 nmethod 29 0x0000022880008690 code [0x0000022880008820, 0x0000022880008a58]
Event: 0.210 Thread 0x000002288f1f9ff0   30       3       java.util.ImmutableCollections$SetN$SetNIterator::hasNext (13 bytes)
Event: 0.211 Thread 0x000002288f1f9ff0 nmethod 30 0x0000022880008b90 code [0x0000022880008d20, 0x0000022880008e90]
Event: 0.211 Thread 0x000002288f1f9ff0   31       3       java.util.concurrent.ConcurrentHashMap::tabAt (22 bytes)
Event: 0.211 Thread 0x000002288f1f9ff0 nmethod 31 0x0000022880008f10 code [0x00000228800090a0, 0x0000022880009370]
Event: 0.211 Thread 0x000002288f1f9ff0   33       3       java.util.ImmutableCollections$SetN$SetNIterator::next (90 bytes)
Event: 0.211 Thread 0x000002288f1f9ff0 nmethod 33 0x0000022880009490 code [0x0000022880009640, 0x0000022880009950]
Event: 0.211 Thread 0x000002288f1f9ff0   32       3       jdk.internal.misc.Unsafe::getReferenceAcquire (7 bytes)
Event: 0.211 Thread 0x000002288f1f9ff0 nmethod 32 0x0000022880009a90 code [0x0000022880009c20, 0x0000022880009d88]
Event: 0.234 Thread 0x000002288f1f9ff0   36   !   3       java.util.concurrent.ConcurrentHashMap::putVal (432 bytes)

GC Heap History (0 events):
No events

Dll operation events (2 events):
Event: 0.011 Loaded shared library C:\Program Files\Java\jdk-20\bin\java.dll
Event: 0.082 Loaded shared library C:\Program Files\Java\jdk-20\bin\jsvml.dll

Deoptimization events (0 events):
No events

Classes loaded (20 events):
Event: 0.231 Loading class java/lang/invoke/MethodHandleImpl$Intrinsic done
Event: 0.231 Loading class java/lang/invoke/BoundMethodHandle
Event: 0.232 Loading class java/lang/invoke/BoundMethodHandle done
Event: 0.232 Loading class java/lang/invoke/BoundMethodHandle$Specializer
Event: 0.232 Loading class java/lang/invoke/ClassSpecializer
Event: 0.232 Loading class java/lang/invoke/ClassSpecializer done
Event: 0.232 Loading class java/lang/invoke/BoundMethodHandle$Specializer done
Event: 0.233 Loading class java/lang/invoke/ClassSpecializer$1
Event: 0.233 Loading class java/lang/invoke/ClassSpecializer$1 done
Event: 0.233 Loading class java/lang/invoke/BoundMethodHandle$SpeciesData
Event: 0.233 Loading class java/lang/invoke/ClassSpecializer$SpeciesData
Event: 0.233 Loading class java/lang/invoke/ClassSpecializer$SpeciesData done
Event: 0.234 Loading class java/lang/invoke/BoundMethodHandle$SpeciesData done
Event: 0.234 Loading class java/lang/invoke/BoundMethodHandle$Specializer$Factory
Event: 0.234 Loading class java/lang/invoke/ClassSpecializer$Factory
Event: 0.235 Loading class java/lang/invoke/ClassSpecializer$Factory done
Event: 0.235 Loading class java/lang/invoke/BoundMethodHandle$Specializer$Factory done
Event: 0.235 Loading class java/lang/invoke/SimpleMethodHandle
Event: 0.235 Loading class java/lang/invoke/SimpleMethodHandle done
Event: 0.235 Loading class java/lang/NoSuchFieldException

Classes unloaded (0 events):
No events

Classes redefined (0 events):
No events

Internal exceptions (0 events):
No events

VM Operations (0 events):
No events

Events (9 events):
Event: 0.083 Thread 0x00000228f2989290 Thread added: 0x00000228f2989290
Event: 0.147 Thread 0x000002288f1d0680 Thread added: 0x000002288f1d0680
Event: 0.148 Thread 0x000002288f1d1c20 Thread added: 0x000002288f1d1c20
Event: 0.150 Thread 0x000002288f1efc20 Thread added: 0x000002288f1efc20
Event: 0.151 Thread 0x000002288f1f0560 Thread added: 0x000002288f1f0560
Event: 0.151 Thread 0x000002288f1f1c50 Thread added: 0x000002288f1f1c50
Event: 0.151 Thread 0x000002288f1f3a70 Thread added: 0x000002288f1f3a70
Event: 0.151 Thread 0x000002288f1dd020 Thread added: 0x000002288f1dd020
Event: 0.151 Thread 0x000002288f1f9ff0 Thread added: 0x000002288f1f9ff0


Dynamic libraries:
0x00007ff6ac6b0000 - 0x00007ff6ac6c0000 	C:\Program Files\Java\jdk-20\bin\java.exe
0x00007ffa440f0000 - 0x00007ffa442e8000 	C:\WINDOWS\SYSTEM32\ntdll.dll
0x00007ffa437c0000 - 0x00007ffa4387f000 	C:\WINDOWS\System32\KERNEL32.DLL
0x00007ffa41d10000 - 0x00007ffa41fea000 	C:\WINDOWS\System32\KERNELBASE.dll
0x00007ffa418b0000 - 0x00007ffa419b0000 	C:\WINDOWS\System32\ucrtbase.dll
0x00007ffa3bac0000 - 0x00007ffa3badb000 	C:\Program Files\Java\jdk-20\bin\VCRUNTIME140.dll
0x00007ffa3c280000 - 0x00007ffa3c299000 	C:\Program Files\Java\jdk-20\bin\jli.dll
0x00007ffa43880000 - 0x00007ffa4392e000 	C:\WINDOWS\System32\ADVAPI32.dll
0x00007ffa43a00000 - 0x00007ffa43a9e000 	C:\WINDOWS\System32\msvcrt.dll
0x00007ffa42370000 - 0x00007ffa4240c000 	C:\WINDOWS\System32\sechost.dll
0x00007ffa42150000 - 0x00007ffa42276000 	C:\WINDOWS\System32\RPCRT4.dll
0x00007ffa42410000 - 0x00007ffa425ad000 	C:\WINDOWS\System32\USER32.dll
0x00007ffa41c70000 - 0x00007ffa41c92000 	C:\WINDOWS\System32\win32u.dll
0x00007ffa37a20000 - 0x00007ffa37cba000 	C:\WINDOWS\WinSxS\amd64_microsoft.windows.common-controls_6595b64144ccf1df_6.0.19041.1110_none_60b5254171f9507e\COMCTL32.dll
0x00007ffa427b0000 - 0x00007ffa427db000 	C:\WINDOWS\System32\GDI32.dll
0x00007ffa41ff0000 - 0x00007ffa42100000 	C:\WINDOWS\System32\gdi32full.dll
0x00007ffa419b0000 - 0x00007ffa41a4d000 	C:\WINDOWS\System32\msvcp_win.dll
0x00007ffa3bba0000 - 0x00007ffa3bbaa000 	C:\WINDOWS\SYSTEM32\VERSION.dll
0x00007ffa43e10000 - 0x00007ffa43e40000 	C:\WINDOWS\System32\IMM32.DLL
0x00007ffa3c0c0000 - 0x00007ffa3c0cc000 	C:\Program Files\Java\jdk-20\bin\vcruntime140_1.dll
0x00007ffa361a0000 - 0x00007ffa3622e000 	C:\Program Files\Java\jdk-20\bin\msvcp140.dll
0x00007ff9dee90000 - 0x00007ff9dfb27000 	C:\Program Files\Java\jdk-20\bin\server\jvm.dll
0x00007ffa33830000 - 0x00007ffa33839000 	C:\WINDOWS\SYSTEM32\WSOCK32.dll
0x00007ffa34390000 - 0x00007ffa343b7000 	C:\WINDOWS\SYSTEM32\WINMM.dll
0x00007ffa43930000 - 0x00007ffa4399b000 	C:\WINDOWS\System32\ws2_32.DLL
0x00007ffa40080000 - 0x00007ffa40092000 	C:\WINDOWS\SYSTEM32\kernel.appcore.dll
0x00007ffa3c000000 - 0x00007ffa3c00a000 	C:\Program Files\Java\jdk-20\bin\jimage.dll
0x00007ffa3f570000 - 0x00007ffa3f754000 	C:\WINDOWS\SYSTEM32\DBGHELP.DLL
0x00007ffa3a3c0000 - 0x00007ffa3a3f4000 	C:\WINDOWS\SYSTEM32\dbgcore.DLL
0x00007ffa41a50000 - 0x00007ffa41ad2000 	C:\WINDOWS\System32\bcryptPrimitives.dll
0x00007ffa3b9f0000 - 0x00007ffa3ba16000 	C:\Program Files\Java\jdk-20\bin\java.dll
0x00007ffa398b0000 - 0x00007ffa39987000 	C:\Program Files\Java\jdk-20\bin\jsvml.dll
0x00007ffa42fa0000 - 0x00007ffa436e4000 	C:\WINDOWS\System32\SHELL32.dll
0x00007ffa3f8a0000 - 0x00007ffa40033000 	C:\WINDOWS\SYSTEM32\windows.storage.dll
0x00007ffa43aa0000 - 0x00007ffa43df4000 	C:\WINDOWS\System32\combase.dll
0x00007ffa41180000 - 0x00007ffa411ae000 	C:\WINDOWS\SYSTEM32\Wldp.dll
0x00007ffa436f0000 - 0x00007ffa4379d000 	C:\WINDOWS\System32\SHCORE.dll
0x00007ffa42310000 - 0x00007ffa42365000 	C:\WINDOWS\System32\shlwapi.dll
0x00007ffa41740000 - 0x00007ffa4175f000 	C:\WINDOWS\SYSTEM32\profapi.dll

dbghelp: loaded successfully - version: 4.0.5 - missing functions: none
symbol engine: initialized successfully - sym options: 0x614 - pdb path: .;C:\Program Files\Java\jdk-20\bin;C:\WINDOWS\SYSTEM32;C:\WINDOWS\WinSxS\amd64_microsoft.windows.common-controls_6595b64144ccf1df_6.0.19041.1110_none_60b5254171f9507e;C:\Program Files\Java\jdk-20\bin\server

VM Arguments:
jvm_args: -Dfile.encoding=UTF-8 -Djava.security.policy=applet.policy --module-path=C:\Users\DELL\Documents\NetBeansProjects\bank management system1\build\classes 
java_command: bank.management.system1.Signuptwo
java_class_path (initial): C:\Users\DELL\Documents\NetBeansProjects\bank management system1\build\classes\jcalendar-tz-1.3.3-4.jar;C:\Users\DELL\Downloads\mysql-connector-java-8.0.28.jar;C:\Users\DELL\Documents\NetBeansProjects\bank management system1\build\classes
Launcher Type: SUN_STANDARD

[Global flags]
     intx CICompilerCount                          = 3                                         {product} {ergonomic}
     uint ConcGCThreads                            = 1                                         {product} {ergonomic}
     uint G1ConcRefinementThreads                  = 4                                         {product} {ergonomic}
   size_t G1HeapRegionSize                         = 1048576                                   {product} {ergonomic}
    uintx GCDrainStackTargetSize                   = 64                                        {product} {ergonomic}
   size_t InitialHeapSize                          = 65011712                                  {product} {ergonomic}
   size_t MarkStackSize                            = 4194304                                   {product} {ergonomic}
   size_t MaxHeapSize                              = 1040187392                                {product} {ergonomic}
   size_t MaxNewSize                               = 623902720                                 {product} {ergonomic}
   size_t MinHeapDeltaBytes                        = 1048576                                   {product} {ergonomic}
   size_t MinHeapSize                              = 8388608                                   {product} {ergonomic}
    uintx NonNMethodCodeHeapSize                   = 5832780                                {pd product} {ergonomic}
    uintx NonProfiledCodeHeapSize                  = 122912730                              {pd product} {ergonomic}
    uintx ProfiledCodeHeapSize                     = 122912730                              {pd product} {ergonomic}
    uintx ReservedCodeCacheSize                    = 251658240                              {pd product} {ergonomic}
     bool SegmentedCodeCache                       = true                                      {product} {ergonomic}
   size_t SoftMaxHeapSize                          = 1040187392                             {manageable} {ergonomic}
     bool UseCompressedClassPointers               = true                           {product lp64_product} {ergonomic}
     bool UseCompressedOops                        = true                           {product lp64_product} {ergonomic}
     bool UseG1GC                                  = true                                      {product} {ergonomic}
     bool UseLargePagesIndividualAllocation        = false                                  {pd product} {ergonomic}

Logging:
Log output configuration:
 #0: stdout all=warning uptime,level,tags foldmultilines=false
 #1: stderr all=off uptime,level,tags foldmultilines=false

Environment Variables:
PATH=C:\Program Files\Common Files\Oracle\Java\javapath;C:\WINDOWS\system32;C:\WINDOWS;C:\WINDOWS\System32\Wbem;C:\WINDOWS\System32\WindowsPowerShell\v1.0\;C:\WINDOWS\System32\OpenSSH\;C:\Program Files\Java\jdk-17\bin;C:\Program Files\Java\jdk-20\bin;C:\Program Files\MySQL\MySQL Shell 8.0\bin\;C:\Users\DELL\AppData\Local\Microsoft\WindowsApps;C:\Program Files\Java\jdk-20\bin;;C:\Program Files\JetBrains\IntelliJ IDEA Community Edition 2023.1\bin;
USERNAME=Raju Raj
OS=Windows_NT
PROCESSOR_IDENTIFIER=Intel64 Family 6 Model 142 Stepping 9, GenuineIntel
TMP=C:\Users\DELL\AppData\Local\Temp
TEMP=C:\Users\DELL\AppData\Local\Temp




---------------  S Y S T E M  ---------------

OS:
 Windows 10 , 64 bit Build 19041 (10.0.19041.2788)
OS uptime: 1 days 8:10 hours

CPU: total 4 (initial active 4) (2 cores per cpu, 2 threads per core) family 6 model 142 stepping 9 microcode 0xb4, cx8, cmov, fxsr, ht, mmx, 3dnowpref, sse, sse2, sse3, ssse3, sse4.1, sse4.2, popcnt, lzcnt, tsc, tscinvbit, avx, avx2, aes, erms, clmul, bmi1, bmi2, adx, fma, vzeroupper, clflush, clflushopt, rdtscp, f16c

Memory: 4k page, system-wide physical 3962M (466M free)
TotalPageFile size 16250M (AvailPageFile size 0M)
current process WorkingSet (physical memory assigned to process): 26M, peak: 26M
current process commit charge ("private bytes"): 124M, peak: 127M

vm_info: Java HotSpot(TM) 64-Bit Server VM (20+36-2344) for windows-amd64 JRE (20+36-2344), built on 2023-02-10T19:30:15Z by "mach5one" with MS VC++ 17.1 (VS2022)

END.
