#
# There is insufficient memory for the Java Runtime Environment to continue.
# Native memory allocation (mmap) failed to map 65536 bytes for Failed to commit metaspace.
# Possible reasons:
#   The system is out of physical RAM or swap space
#   The process is running with CompressedOops enabled, and the Java Heap may be blocking the growth of the native heap
# Possible solutions:
#   Reduce memory load on the system
#   Increase physical memory or swap space
#   Check if swap backing store is full
#   Decrease Java heap size (-Xmx/-Xms)
#   Decrease number of Java threads
#   Decrease Java thread stack sizes (-Xss)
#   Set larger code cache with -XX:ReservedCodeCacheSize=
#   JVM is running with Unscaled Compressed Oops mode in which the Java heap is
#     placed in the first 4GB address space. The Java Heap base address is the
#     maximum limit for the native heap growth. Please use -XX:HeapBaseMinAddress
#     to set the Java Heap base and to place the Java Heap above 4GB virtual address.
# This output file may be truncated or incomplete.
#
#  Out of Memory Error (virtualSpaceNode.cpp:110), pid=18468, tid=19080
#
# JRE version: Java(TM) SE Runtime Environment (20.0+36) (build 20+36-2344)
# Java VM: Java HotSpot(TM) 64-Bit Server VM (20+36-2344, mixed mode, tiered, compressed oops, compressed class ptrs, g1 gc, windows-amd64)
# No core dump will be written. Minidumps are not enabled by default on client versions of Windows
#

---------------  S U M M A R Y ------------

Command Line: -Dfile.encoding=UTF-8 -Djava.security.policy=applet.policy --module-path=C:\Users\DELL\Documents\NetBeansProjects\bank management system1\build\classes bank.management.system1.Signuptwo

Host: Intel(R) Core(TM) i3-7020U CPU @ 2.30GHz, 4 cores, 3G,  Windows 10 , 64 bit Build 19041 (10.0.19041.2788)
Time: Sun Apr 16 00:12:10 2023 India Standard Time elapsed time: 0.156015 seconds (0d 0h 0m 0s)

---------------  T H R E A D  ---------------

Current thread (0x000002168fb972e0):  JavaThread "main" [_thread_in_vm, id=19080, stack(0x000000ae9aa00000,0x000000ae9ab00000)]

Stack: [0x000000ae9aa00000,0x000000ae9ab00000]
Native frames: (J=compiled Java code, j=interpreted, Vv=VM code, C=native code)
V  [jvm.dll+0x6bb95a]
V  [jvm.dll+0x8483aa]
V  [jvm.dll+0x849fa5]
V  [jvm.dll+0x84a6a3]
V  [jvm.dll+0x280b0f]
V  [jvm.dll+0x8442eb]
V  [jvm.dll+0x65fd86]
V  [jvm.dll+0x1eb4e7]
V  [jvm.dll+0x6627a2]
V  [jvm.dll+0x66258e]
V  [jvm.dll+0x66079e]
V  [jvm.dll+0x26c66f]
V  [jvm.dll+0x66add5]
V  [jvm.dll+0x21b442]
V  [jvm.dll+0x21b975]
V  [jvm.dll+0x21c361]
V  [jvm.dll+0x211780]
V  [jvm.dll+0x59c26c]
V  [jvm.dll+0x222d6a]
V  [jvm.dll+0x7c2aa4]
V  [jvm.dll+0x7c3ba9]
V  [jvm.dll+0x7c414f]
V  [jvm.dll+0x7c3df8]
V  [jvm.dll+0x27024b]
V  [jvm.dll+0x3d9f3a]
C  0x000002169f1b3f1b

Java frames: (J=compiled Java code, j=interpreted, Vv=VM code)
j  java.lang.invoke.DirectMethodHandle.<clinit>()V+82 java.base@20
v  ~StubRoutines::call_stub 0x000002169f19100d
j  java.lang.invoke.MethodHandles$Lookup.getDirectMethodCommon(BLjava/lang/Class;Ljava/lang/invoke/MemberName;ZZLjava/lang/invoke/MethodHandles$Lookup;)Ljava/lang/invoke/MethodHandle;+210 java.base@20
j  java.lang.invoke.MethodHandles$Lookup.getDirectMethod(BLjava/lang/Class;Ljava/lang/invoke/MemberName;Ljava/lang/invoke/MethodHandles$Lookup;)Ljava/lang/invoke/MethodHandle;+14 java.base@20
j  java.lang.invoke.MethodHandles$Lookup.findStatic(Ljava/lang/Class;Ljava/lang/String;Ljava/lang/invoke/MethodType;)Ljava/lang/invoke/MethodHandle;+23 java.base@20
j  java.lang.invoke.MethodHandleImpl$1.findStatic(Ljava/lang/Class;Ljava/lang/String;Ljava/lang/invoke/MethodType;)Ljava/lang/invoke/MethodHandle;+6 java.base@20
j  jdk.internal.reflect.MethodHandleAccessorFactory.getDirectMethod(Ljava/lang/reflect/Method;Z)Ljava/lang/invoke/MethodHandle;+36 java.base@20
j  jdk.internal.reflect.MethodHandleAccessorFactory.newMethodAccessor(Ljava/lang/reflect/Method;Z)Ljdk/internal/reflect/MethodAccessorImpl;+41 java.base@20
j  jdk.internal.reflect.ReflectionFactory.newMethodAccessor(Ljava/lang/reflect/Method;Z)Ljdk/internal/reflect/MethodAccessor;+28 java.base@20
j  java.lang.reflect.Method.acquireMethodAccessor()Ljdk/internal/reflect/MethodAccessor;+38 java.base@20
j  java.lang.reflect.Method.invoke(Ljava/lang/Object;[Ljava/lang/Object;)Ljava/lang/Object;+75 java.base@20
j  java.lang.Class.getEnumConstantsShared()[Ljava/lang/Object;+49 java.base@20
j  java.lang.System$2.getEnumConstantsShared(Ljava/lang/Class;)[Ljava/lang/Enum;+1 java.base@20
j  java.util.EnumMap.getKeyUniverse(Ljava/lang/Class;)[Ljava/lang/Enum;+4 java.base@20
j  java.util.EnumMap.<init>(Ljava/lang/Class;)V+16 java.base@20
j  java.util.stream.StreamOpFlag.set(Ljava/util/stream/StreamOpFlag$Type;)Ljava/util/stream/StreamOpFlag$MaskBuilder;+10 java.base@20
j  java.util.stream.StreamOpFlag.<clinit>()V+11 java.base@20
v  ~StubRoutines::call_stub 0x000002169f19100d
j  java.util.stream.StreamSupport.stream(Ljava/util/Spliterator;Z)Ljava/util/stream/Stream;+11 java.base@20
j  java.util.Collection.stream()Ljava/util/stream/Stream;+7 java.base@20
j  jdk.internal.module.DefaultRoots.compute(Ljava/lang/module/ModuleFinder;Ljava/lang/module/ModuleFinder;)Ljava/util/Set;+6 java.base@20
j  jdk.internal.module.ModuleBootstrap.boot2()Ljava/lang/ModuleLayer;+727 java.base@20
j  jdk.internal.module.ModuleBootstrap.boot()Ljava/lang/ModuleLayer;+64 java.base@20
j  java.lang.System.initPhase2(ZZ)I+0 java.base@20
v  ~StubRoutines::call_stub 0x000002169f19100d

---------------  P R O C E S S  ---------------

Threads class SMR info:
_java_thread_list=0x00000216aa6af1e0, length=9, elements={
0x000002168fb972e0, 0x00000216aa6b29a0, 0x00000216aa6b37a0, 0x00000216aa6d2960,
0x00000216aa6d32a0, 0x00000216aa6d3ff0, 0x00000216aa6d4f40, 0x00000216aa6bd120,
0x00000216aa6bf6c0
}

Java Threads: ( => current thread )
=>0x000002168fb972e0 JavaThread "main" [_thread_in_vm, id=19080, stack(0x000000ae9aa00000,0x000000ae9ab00000)]
  0x00000216aa6b29a0 JavaThread "Reference Handler" daemon [_thread_blocked, id=10644, stack(0x000000ae9b100000,0x000000ae9b200000)]
  0x00000216aa6b37a0 JavaThread "Finalizer" daemon [_thread_blocked, id=6604, stack(0x000000ae9b200000,0x000000ae9b300000)]
  0x00000216aa6d2960 JavaThread "Signal Dispatcher" daemon [_thread_blocked, id=18764, stack(0x000000ae9b300000,0x000000ae9b400000)]
  0x00000216aa6d32a0 JavaThread "Attach Listener" daemon [_thread_blocked, id=6724, stack(0x000000ae9b400000,0x000000ae9b500000)]
  0x00000216aa6d3ff0 JavaThread "Service Thread" daemon [_thread_blocked, id=11592, stack(0x000000ae9b500000,0x000000ae9b600000)]
  0x00000216aa6d4f40 JavaThread "Monitor Deflation Thread" daemon [_thread_blocked, id=1356, stack(0x000000ae9b600000,0x000000ae9b700000)]
  0x00000216aa6bd120 JavaThread "C2 CompilerThread0" daemon [_thread_blocked, id=7096, stack(0x000000ae9b700000,0x000000ae9b800000)]
  0x00000216aa6bf6c0 JavaThread "C1 CompilerThread0" daemon [_thread_blocked, id=10216, stack(0x000000ae9b800000,0x000000ae9b900000)]

Other Threads:
  0x000002168fc621e0 VMThread "VM Thread" [stack: 0x000000ae9b000000,0x000000ae9b100000] [id=5196]
  0x000002168fbda2e0 WorkerThread "GC Thread#0" [stack: 0x000000ae9ab00000,0x000000ae9ac00000] [id=4388]
  0x000002168fbe3eb0 ConcurrentGCThread "G1 Main Marker" [stack: 0x000000ae9ac00000,0x000000ae9ad00000] [id=4364]
  0x000002168fbe4f90 WorkerThread "G1 Conc#0" [stack: 0x000000ae9ad00000,0x000000ae9ae00000] [id=12784]
  0x000002168fc3a8c0 ConcurrentGCThread "G1 Refine#0" [stack: 0x000000ae9ae00000,0x000000ae9af00000] [id=16660]
  0x000002168fc3b270 ConcurrentGCThread "G1 Service" [stack: 0x000000ae9af00000,0x000000ae9b000000] [id=9012]

Threads with active compile tasks:

VM state: not at safepoint (normal execution)

VM Mutex/Monitor currently owned by a thread:  ([mutex/lock_event])
[0x000002168fb90720] Metaspace_lock - owner thread: 0x000002168fb972e0

Heap address: 0x00000000c2000000, size: 992 MB, Compressed Oops mode: 32-bit

CDS archive(s) not mapped
Compressed class space mapped at: 0x0000000100000000-0x0000000140000000, reserved size: 1073741824
Narrow klass base: 0x0000000000000000, Narrow klass shift: 3, Narrow klass range: 0x140000000

GC Precious Log:
 CardTable entry size: 512
 Card Set container configuration: InlinePtr #cards 5 size 8 Array Of Cards #cards 12 size 40 Howl #buckets 4 coarsen threshold 1843 Howl Bitmap #cards 512 size 80 coarsen threshold 460 Card regions per heap region 1 cards per card region 2048
 CPUs: 4 total, 4 available
 Memory: 3962M
 Large Page Support: Disabled
 NUMA Support: Disabled
 Compressed Oops: Enabled (32-bit)
 Heap Region Size: 1M
 Heap Min Capacity: 8M
 Heap Initial Capacity: 62M
 Heap Max Capacity: 992M
 Pre-touch: Disabled
 Parallel Workers: 4
 Concurrent Workers: 1
 Concurrent Refinement Workers: 4
 Periodic GC: Disabled

Heap:
 garbage-first heap   total 63488K, used 0K [0x00000000c2000000, 0x0000000100000000)
  region size 1024K, 1 young (1024K), 0 survivors (0K)
 Metaspace       used 4444K, committed 4480K, reserved 1114112K
  class space    used 348K, committed 384K, reserved 1048576K

Heap Regions: E=young(eden), S=young(survivor), O=old, HS=humongous(starts), HC=humongous(continues), CS=collection set, F=free, OA=open archive, CA=closed archive, TAMS=top-at-mark-start, PB=parsable bottom
|   0|0x00000000c2000000, 0x00000000c2000000, 0x00000000c2100000|  0%| F|  |TAMS 0x00000000c2000000| PB 0x00000000c2000000| Untracked 
|   1|0x00000000c2100000, 0x00000000c2100000, 0x00000000c2200000|  0%| F|  |TAMS 0x00000000c2100000| PB 0x00000000c2100000| Untracked 
|   2|0x00000000c2200000, 0x00000000c2200000, 0x00000000c2300000|  0%| F|  |TAMS 0x00000000c2200000| PB 0x00000000c2200000| Untracked 
|   3|0x00000000c2300000, 0x00000000c2300000, 0x00000000c2400000|  0%| F|  |TAMS 0x00000000c2300000| PB 0x00000000c2300000| Untracked 
|   4|0x00000000c2400000, 0x00000000c2400000, 0x00000000c2500000|  0%| F|  |TAMS 0x00000000c2400000| PB 0x00000000c2400000| Untracked 
|   5|0x00000000c2500000, 0x00000000c2500000, 0x00000000c2600000|  0%| F|  |TAMS 0x00000000c2500000| PB 0x00000000c2500000| Untracked 
|   6|0x00000000c2600000, 0x00000000c2600000, 0x00000000c2700000|  0%| F|  |TAMS 0x00000000c2600000| PB 0x00000000c2600000| Untracked 
|   7|0x00000000c2700000, 0x00000000c2700000, 0x00000000c2800000|  0%| F|  |TAMS 0x00000000c2700000| PB 0x00000000c2700000| Untracked 
|   8|0x00000000c2800000, 0x00000000c2800000, 0x00000000c2900000|  0%| F|  |TAMS 0x00000000c2800000| PB 0x00000000c2800000| Untracked 
|   9|0x00000000c2900000, 0x00000000c2900000, 0x00000000c2a00000|  0%| F|  |TAMS 0x00000000c2900000| PB 0x00000000c2900000| Untracked 
|  10|0x00000000c2a00000, 0x00000000c2a00000, 0x00000000c2b00000|  0%| F|  |TAMS 0x00000000c2a00000| PB 0x00000000c2a00000| Untracked 
|  11|0x00000000c2b00000, 0x00000000c2b00000, 0x00000000c2c00000|  0%| F|  |TAMS 0x00000000c2b00000| PB 0x00000000c2b00000| Untracked 
|  12|0x00000000c2c00000, 0x00000000c2c00000, 0x00000000c2d00000|  0%| F|  |TAMS 0x00000000c2c00000| PB 0x00000000c2c00000| Untracked 
|  13|0x00000000c2d00000, 0x00000000c2d00000, 0x00000000c2e00000|  0%| F|  |TAMS 0x00000000c2d00000| PB 0x00000000c2d00000| Untracked 
|  14|0x00000000c2e00000, 0x00000000c2e00000, 0x00000000c2f00000|  0%| F|  |TAMS 0x00000000c2e00000| PB 0x00000000c2e00000| Untracked 
|  15|0x00000000c2f00000, 0x00000000c2f00000, 0x00000000c3000000|  0%| F|  |TAMS 0x00000000c2f00000| PB 0x00000000c2f00000| Untracked 
|  16|0x00000000c3000000, 0x00000000c3000000, 0x00000000c3100000|  0%| F|  |TAMS 0x00000000c3000000| PB 0x00000000c3000000| Untracked 
|  17|0x00000000c3100000, 0x00000000c3100000, 0x00000000c3200000|  0%| F|  |TAMS 0x00000000c3100000| PB 0x00000000c3100000| Untracked 
|  18|0x00000000c3200000, 0x00000000c3200000, 0x00000000c3300000|  0%| F|  |TAMS 0x00000000c3200000| PB 0x00000000c3200000| Untracked 
|  19|0x00000000c3300000, 0x00000000c3300000, 0x00000000c3400000|  0%| F|  |TAMS 0x00000000c3300000| PB 0x00000000c3300000| Untracked 
|  20|0x00000000c3400000, 0x00000000c3400000, 0x00000000c3500000|  0%| F|  |TAMS 0x00000000c3400000| PB 0x00000000c3400000| Untracked 
|  21|0x00000000c3500000, 0x00000000c3500000, 0x00000000c3600000|  0%| F|  |TAMS 0x00000000c3500000| PB 0x00000000c3500000| Untracked 
|  22|0x00000000c3600000, 0x00000000c3600000, 0x00000000c3700000|  0%| F|  |TAMS 0x00000000c3600000| PB 0x00000000c3600000| Untracked 
|  23|0x00000000c3700000, 0x00000000c3700000, 0x00000000c3800000|  0%| F|  |TAMS 0x00000000c3700000| PB 0x00000000c3700000| Untracked 
|  24|0x00000000c3800000, 0x00000000c3800000, 0x00000000c3900000|  0%| F|  |TAMS 0x00000000c3800000| PB 0x00000000c3800000| Untracked 
|  25|0x00000000c3900000, 0x00000000c3900000, 0x00000000c3a00000|  0%| F|  |TAMS 0x00000000c3900000| PB 0x00000000c3900000| Untracked 
|  26|0x00000000c3a00000, 0x00000000c3a00000, 0x00000000c3b00000|  0%| F|  |TAMS 0x00000000c3a00000| PB 0x00000000c3a00000| Untracked 
|  27|0x00000000c3b00000, 0x00000000c3b00000, 0x00000000c3c00000|  0%| F|  |TAMS 0x00000000c3b00000| PB 0x00000000c3b00000| Untracked 
|  28|0x00000000c3c00000, 0x00000000c3c00000, 0x00000000c3d00000|  0%| F|  |TAMS 0x00000000c3c00000| PB 0x00000000c3c00000| Untracked 
|  29|0x00000000c3d00000, 0x00000000c3d00000, 0x00000000c3e00000|  0%| F|  |TAMS 0x00000000c3d00000| PB 0x00000000c3d00000| Untracked 
|  30|0x00000000c3e00000, 0x00000000c3e00000, 0x00000000c3f00000|  0%| F|  |TAMS 0x00000000c3e00000| PB 0x00000000c3e00000| Untracked 
|  31|0x00000000c3f00000, 0x00000000c3f00000, 0x00000000c4000000|  0%| F|  |TAMS 0x00000000c3f00000| PB 0x00000000c3f00000| Untracked 
|  32|0x00000000c4000000, 0x00000000c4000000, 0x00000000c4100000|  0%| F|  |TAMS 0x00000000c4000000| PB 0x00000000c4000000| Untracked 
|  33|0x00000000c4100000, 0x00000000c4100000, 0x00000000c4200000|  0%| F|  |TAMS 0x00000000c4100000| PB 0x00000000c4100000| Untracked 
|  34|0x00000000c4200000, 0x00000000c4200000, 0x00000000c4300000|  0%| F|  |TAMS 0x00000000c4200000| PB 0x00000000c4200000| Untracked 
|  35|0x00000000c4300000, 0x00000000c4300000, 0x00000000c4400000|  0%| F|  |TAMS 0x00000000c4300000| PB 0x00000000c4300000| Untracked 
|  36|0x00000000c4400000, 0x00000000c4400000, 0x00000000c4500000|  0%| F|  |TAMS 0x00000000c4400000| PB 0x00000000c4400000| Untracked 
|  37|0x00000000c4500000, 0x00000000c4500000, 0x00000000c4600000|  0%| F|  |TAMS 0x00000000c4500000| PB 0x00000000c4500000| Untracked 
|  38|0x00000000c4600000, 0x00000000c4600000, 0x00000000c4700000|  0%| F|  |TAMS 0x00000000c4600000| PB 0x00000000c4600000| Untracked 
|  39|0x00000000c4700000, 0x00000000c4700000, 0x00000000c4800000|  0%| F|  |TAMS 0x00000000c4700000| PB 0x00000000c4700000| Untracked 
|  40|0x00000000c4800000, 0x00000000c4800000, 0x00000000c4900000|  0%| F|  |TAMS 0x00000000c4800000| PB 0x00000000c4800000| Untracked 
|  41|0x00000000c4900000, 0x00000000c4900000, 0x00000000c4a00000|  0%| F|  |TAMS 0x00000000c4900000| PB 0x00000000c4900000| Untracked 
|  42|0x00000000c4a00000, 0x00000000c4a00000, 0x00000000c4b00000|  0%| F|  |TAMS 0x00000000c4a00000| PB 0x00000000c4a00000| Untracked 
|  43|0x00000000c4b00000, 0x00000000c4b00000, 0x00000000c4c00000|  0%| F|  |TAMS 0x00000000c4b00000| PB 0x00000000c4b00000| Untracked 
|  44|0x00000000c4c00000, 0x00000000c4c00000, 0x00000000c4d00000|  0%| F|  |TAMS 0x00000000c4c00000| PB 0x00000000c4c00000| Untracked 
|  45|0x00000000c4d00000, 0x00000000c4d00000, 0x00000000c4e00000|  0%| F|  |TAMS 0x00000000c4d00000| PB 0x00000000c4d00000| Untracked 
|  46|0x00000000c4e00000, 0x00000000c4e00000, 0x00000000c4f00000|  0%| F|  |TAMS 0x00000000c4e00000| PB 0x00000000c4e00000| Untracked 
|  47|0x00000000c4f00000, 0x00000000c4f00000, 0x00000000c5000000|  0%| F|  |TAMS 0x00000000c4f00000| PB 0x00000000c4f00000| Untracked 
|  48|0x00000000c5000000, 0x00000000c5000000, 0x00000000c5100000|  0%| F|  |TAMS 0x00000000c5000000| PB 0x00000000c5000000| Untracked 
|  49|0x00000000c5100000, 0x00000000c5100000, 0x00000000c5200000|  0%| F|  |TAMS 0x00000000c5100000| PB 0x00000000c5100000| Untracked 
|  50|0x00000000c5200000, 0x00000000c5200000, 0x00000000c5300000|  0%| F|  |TAMS 0x00000000c5200000| PB 0x00000000c5200000| Untracked 
|  51|0x00000000c5300000, 0x00000000c5300000, 0x00000000c5400000|  0%| F|  |TAMS 0x00000000c5300000| PB 0x00000000c5300000| Untracked 
|  52|0x00000000c5400000, 0x00000000c5400000, 0x00000000c5500000|  0%| F|  |TAMS 0x00000000c5400000| PB 0x00000000c5400000| Untracked 
|  53|0x00000000c5500000, 0x00000000c5500000, 0x00000000c5600000|  0%| F|  |TAMS 0x00000000c5500000| PB 0x00000000c5500000| Untracked 
|  54|0x00000000c5600000, 0x00000000c5600000, 0x00000000c5700000|  0%| F|  |TAMS 0x00000000c5600000| PB 0x00000000c5600000| Untracked 
|  55|0x00000000c5700000, 0x00000000c5700000, 0x00000000c5800000|  0%| F|  |TAMS 0x00000000c5700000| PB 0x00000000c5700000| Untracked 
|  56|0x00000000c5800000, 0x00000000c5800000, 0x00000000c5900000|  0%| F|  |TAMS 0x00000000c5800000| PB 0x00000000c5800000| Untracked 
|  57|0x00000000c5900000, 0x00000000c5900000, 0x00000000c5a00000|  0%| F|  |TAMS 0x00000000c5900000| PB 0x00000000c5900000| Untracked 
|  58|0x00000000c5a00000, 0x00000000c5a00000, 0x00000000c5b00000|  0%| F|  |TAMS 0x00000000c5a00000| PB 0x00000000c5a00000| Untracked 
|  59|0x00000000c5b00000, 0x00000000c5b00000, 0x00000000c5c00000|  0%| F|  |TAMS 0x00000000c5b00000| PB 0x00000000c5b00000| Untracked 
|  60|0x00000000c5c00000, 0x00000000c5c00000, 0x00000000c5d00000|  0%| F|  |TAMS 0x00000000c5c00000| PB 0x00000000c5c00000| Untracked 
|  61|0x00000000c5d00000, 0x00000000c5e00000, 0x00000000c5e00000|100%| E|  |TAMS 0x00000000c5d00000| PB 0x00000000c5d00000| Complete 

Card table byte_map: [0x00000216a6e50000,0x00000216a7040000] _byte_map_base: 0x00000216a6840000

Marking Bits: (CMBitMap*) 0x000002168fbdb830
 Bits: [0x00000216a7230000, 0x00000216a81b0000)

Polling page: 0x000002168d9e0000

Metaspace:

Usage:
  Non-class:      4.00 MB used.
      Class:    348.19 KB used.
       Both:      4.34 MB used.

Virtual space:
  Non-class space:       64.00 MB reserved,       4.00 MB (  6%) committed,  1 nodes.
      Class space:        1.00 GB reserved,     384.00 KB ( <1%) committed,  1 nodes.
             Both:        1.06 GB reserved,       4.38 MB ( <1%) committed. 

Chunk freelists:
   Non-Class:  3.00 MB
       Class:  3.62 MB
        Both:  6.62 MB

MaxMetaspaceSize: unlimited
CompressedClassSpaceSize: 1.00 GB
Initial GC threshold: 21.00 MB
Current GC threshold: 21.00 MB
CDS: off
MetaspaceReclaimPolicy: balanced
 - commit_granule_bytes: 65536.
 - commit_granule_words: 8192.
 - virtual_space_node_default_size: 8388608.
 - enlarge_chunks_in_place: 1.
 - new_chunks_are_fully_committed: 0.
 - uncommit_free_chunks: 1.
 - use_allocation_guard: 0.


Internal statistics:

num_allocs_failed_limit: 0.
num_arena_births: 2.
num_arena_deaths: 0.
num_vsnodes_births: 2.
num_vsnodes_deaths: 0.
num_space_committed: 70.
num_space_uncommitted: 0.
num_chunks_returned_to_freelist: 0.
num_chunks_taken_from_freelist: 4.
num_chunk_merges: 0.
num_chunk_splits: 2.
num_chunks_enlarged: 0.
num_inconsistent_stats: 0.

CodeHeap 'non-profiled nmethods': size=120000Kb used=3Kb max_used=3Kb free=119996Kb
 bounds [0x000002169f730000, 0x000002169f9a0000, 0x00000216a6c60000]
CodeHeap 'profiled nmethods': size=120000Kb used=36Kb max_used=36Kb free=119963Kb
 bounds [0x0000021697c60000, 0x0000021697ed0000, 0x000002169f190000]
CodeHeap 'non-nmethods': size=5760Kb used=1231Kb max_used=1231Kb free=4528Kb
 bounds [0x000002169f190000, 0x000002169f400000, 0x000002169f730000]
 total_blobs=332 nmethods=30 adapters=213
 compilation: enabled
              stopped_count=0, restarted_count=0
 full_count=0

Compilation events (20 events):
Event: 0.133 Thread 0x00000216aa6bf6c0 nmethod 21 0x000002169f730310 code [0x000002169f730480, 0x000002169f730548]
Event: 0.133 Thread 0x00000216aa6bf6c0   22       3       java.util.HashMap::hash (20 bytes)
Event: 0.133 Thread 0x00000216aa6bf6c0 nmethod 22 0x0000021697c66810 code [0x0000021697c669a0, 0x0000021697c66ba0]
Event: 0.133 Thread 0x00000216aa6bf6c0   24       3       java.net.URI::hash (33 bytes)
Event: 0.134 Thread 0x00000216aa6bf6c0 nmethod 24 0x0000021697c66c90 code [0x0000021697c66e80, 0x0000021697c67318]
Event: 0.135 Thread 0x00000216aa6bf6c0   23       1       java.lang.module.ModuleReference::descriptor (5 bytes)
Event: 0.135 Thread 0x00000216aa6bf6c0 nmethod 23 0x000002169f730610 code [0x000002169f730780, 0x000002169f730848]
Event: 0.137 Thread 0x00000216aa6bd120 nmethod 14 0x000002169f730910 code [0x000002169f730a80, 0x000002169f730c00]
Event: 0.138 Thread 0x00000216aa6bf6c0   25       3       java.lang.String::isEmpty (14 bytes)
Event: 0.139 Thread 0x00000216aa6bf6c0 nmethod 25 0x0000021697c67510 code [0x0000021697c676a0, 0x0000021697c67818]
Event: 0.139 Thread 0x00000216aa6bf6c0   26       3       java.lang.StringLatin1::indexOfChar (33 bytes)
Event: 0.139 Thread 0x00000216aa6bf6c0 nmethod 26 0x0000021697c67910 code [0x0000021697c67aa0, 0x0000021697c67cd8]
Event: 0.144 Thread 0x00000216aa6bf6c0   27       3       java.util.ImmutableCollections$SetN$SetNIterator::hasNext (13 bytes)
Event: 0.144 Thread 0x00000216aa6bf6c0 nmethod 27 0x0000021697c67e10 code [0x0000021697c67fa0, 0x0000021697c68110]
Event: 0.144 Thread 0x00000216aa6bf6c0   28       3       java.util.concurrent.ConcurrentHashMap::tabAt (22 bytes)
Event: 0.144 Thread 0x00000216aa6bf6c0 nmethod 28 0x0000021697c68190 code [0x0000021697c68320, 0x0000021697c685f0]
Event: 0.144 Thread 0x00000216aa6bf6c0   30       3       java.util.ImmutableCollections$SetN$SetNIterator::next (90 bytes)
Event: 0.144 Thread 0x00000216aa6bf6c0 nmethod 30 0x0000021697c68710 code [0x0000021697c688c0, 0x0000021697c68bd0]
Event: 0.145 Thread 0x00000216aa6bf6c0   29       3       jdk.internal.misc.Unsafe::getReferenceAcquire (7 bytes)
Event: 0.145 Thread 0x00000216aa6bf6c0 nmethod 29 0x0000021697c68d10 code [0x0000021697c68ea0, 0x0000021697c69008]

GC Heap History (0 events):
No events

Dll operation events (2 events):
Event: 0.013 Loaded shared library C:\Program Files\Java\jdk-20\bin\java.dll
Event: 0.052 Loaded shared library C:\Program Files\Java\jdk-20\bin\jsvml.dll

Deoptimization events (0 events):
No events

Classes loaded (20 events):
Event: 0.149 Loading class java/lang/invoke/MethodType$ConcurrentWeakInternSet$WeakEntry done
Event: 0.149 Loading class jdk/internal/reflect/MethodHandleAccessorFactory$LazyStaticHolder
Event: 0.149 Loading class jdk/internal/reflect/MethodHandleAccessorFactory$LazyStaticHolder done
Event: 0.149 Loading class java/lang/invoke/MethodHandleImpl
Event: 0.150 Loading class java/lang/invoke/MethodHandleImpl done
Event: 0.150 Loading class java/lang/invoke/LambdaForm$NamedFunction
Event: 0.150 Loading class java/lang/invoke/LambdaForm$NamedFunction done
Event: 0.150 Loading class java/lang/invoke/MethodHandleImpl$1
Event: 0.150 Loading class jdk/internal/access/JavaLangInvokeAccess
Event: 0.150 Loading class jdk/internal/access/JavaLangInvokeAccess done
Event: 0.150 Loading class java/lang/invoke/MethodHandleImpl$1 done
Event: 0.151 Loading class java/lang/NoSuchMethodException
Event: 0.151 Loading class java/lang/NoSuchMethodException done
Event: 0.151 Loading class sun/invoke/util/Wrapper
Event: 0.152 Loading class sun/invoke/util/Wrapper done
Event: 0.152 Loading class sun/invoke/util/Wrapper$Format
Event: 0.152 Loading class sun/invoke/util/Wrapper$Format done
Event: 0.152 Loading class java/lang/Void
Event: 0.152 Loading class java/lang/Void done
Event: 0.152 Loading class java/lang/invoke/DirectMethodHandle$Holder

Classes unloaded (0 events):
No events

Classes redefined (0 events):
No events

Internal exceptions (0 events):
No events

VM Operations (0 events):
No events

Events (9 events):
Event: 0.053 Thread 0x000002168fb972e0 Thread added: 0x000002168fb972e0
Event: 0.098 Thread 0x00000216aa6b29a0 Thread added: 0x00000216aa6b29a0
Event: 0.099 Thread 0x00000216aa6b37a0 Thread added: 0x00000216aa6b37a0
Event: 0.102 Thread 0x00000216aa6d2960 Thread added: 0x00000216aa6d2960
Event: 0.102 Thread 0x00000216aa6d32a0 Thread added: 0x00000216aa6d32a0
Event: 0.102 Thread 0x00000216aa6d3ff0 Thread added: 0x00000216aa6d3ff0
Event: 0.102 Thread 0x00000216aa6d4f40 Thread added: 0x00000216aa6d4f40
Event: 0.102 Thread 0x00000216aa6bd120 Thread added: 0x00000216aa6bd120
Event: 0.102 Thread 0x00000216aa6bf6c0 Thread added: 0x00000216aa6bf6c0


Dynamic libraries:
0x00007ff6ac6b0000 - 0x00007ff6ac6c0000 	C:\Program Files\Java\jdk-20\bin\java.exe
0x00007ffa440f0000 - 0x00007ffa442e8000 	C:\WINDOWS\SYSTEM32\ntdll.dll
0x00007ffa437c0000 - 0x00007ffa4387f000 	C:\WINDOWS\System32\KERNEL32.DLL
0x00007ffa41d10000 - 0x00007ffa41fea000 	C:\WINDOWS\System32\KERNELBASE.dll
0x00007ffa418b0000 - 0x00007ffa419b0000 	C:\WINDOWS\System32\ucrtbase.dll
0x00007ffa3bac0000 - 0x00007ffa3badb000 	C:\Program Files\Java\jdk-20\bin\VCRUNTIME140.dll
0x00007ffa3c280000 - 0x00007ffa3c299000 	C:\Program Files\Java\jdk-20\bin\jli.dll
0x00007ffa43880000 - 0x00007ffa4392e000 	C:\WINDOWS\System32\ADVAPI32.dll
0x00007ffa43a00000 - 0x00007ffa43a9e000 	C:\WINDOWS\System32\msvcrt.dll
0x00007ffa42370000 - 0x00007ffa4240c000 	C:\WINDOWS\System32\sechost.dll
0x00007ffa42150000 - 0x00007ffa42276000 	C:\WINDOWS\System32\RPCRT4.dll
0x00007ffa42410000 - 0x00007ffa425ad000 	C:\WINDOWS\System32\USER32.dll
0x00007ffa41c70000 - 0x00007ffa41c92000 	C:\WINDOWS\System32\win32u.dll
0x00007ffa427b0000 - 0x00007ffa427db000 	C:\WINDOWS\System32\GDI32.dll
0x00007ffa41ff0000 - 0x00007ffa42100000 	C:\WINDOWS\System32\gdi32full.dll
0x00007ffa419b0000 - 0x00007ffa41a4d000 	C:\WINDOWS\System32\msvcp_win.dll
0x00007ffa37a20000 - 0x00007ffa37cba000 	C:\WINDOWS\WinSxS\amd64_microsoft.windows.common-controls_6595b64144ccf1df_6.0.19041.1110_none_60b5254171f9507e\COMCTL32.dll
0x00007ffa3bba0000 - 0x00007ffa3bbaa000 	C:\WINDOWS\SYSTEM32\VERSION.dll
0x00007ffa43e10000 - 0x00007ffa43e40000 	C:\WINDOWS\System32\IMM32.DLL
0x00007ffa3c0c0000 - 0x00007ffa3c0cc000 	C:\Program Files\Java\jdk-20\bin\vcruntime140_1.dll
0x00007ffa361a0000 - 0x00007ffa3622e000 	C:\Program Files\Java\jdk-20\bin\msvcp140.dll
0x00007ff9dee90000 - 0x00007ff9dfb27000 	C:\Program Files\Java\jdk-20\bin\server\jvm.dll
0x00007ffa33830000 - 0x00007ffa33839000 	C:\WINDOWS\SYSTEM32\WSOCK32.dll
0x00007ffa34390000 - 0x00007ffa343b7000 	C:\WINDOWS\SYSTEM32\WINMM.dll
0x00007ffa43930000 - 0x00007ffa4399b000 	C:\WINDOWS\System32\WS2_32.dll
0x00007ffa40080000 - 0x00007ffa40092000 	C:\WINDOWS\SYSTEM32\kernel.appcore.dll
0x00007ffa3c000000 - 0x00007ffa3c00a000 	C:\Program Files\Java\jdk-20\bin\jimage.dll
0x00007ffa3f570000 - 0x00007ffa3f754000 	C:\WINDOWS\SYSTEM32\DBGHELP.DLL
0x00007ffa3a3c0000 - 0x00007ffa3a3f4000 	C:\WINDOWS\SYSTEM32\dbgcore.DLL
0x00007ffa41a50000 - 0x00007ffa41ad2000 	C:\WINDOWS\System32\bcryptPrimitives.dll
0x00007ffa3b9f0000 - 0x00007ffa3ba16000 	C:\Program Files\Java\jdk-20\bin\java.dll
0x00007ffa398b0000 - 0x00007ffa39987000 	C:\Program Files\Java\jdk-20\bin\jsvml.dll
0x00007ffa42fa0000 - 0x00007ffa436e4000 	C:\WINDOWS\System32\SHELL32.dll
0x00007ffa3f8a0000 - 0x00007ffa40033000 	C:\WINDOWS\SYSTEM32\windows.storage.dll
0x00007ffa43aa0000 - 0x00007ffa43df4000 	C:\WINDOWS\System32\combase.dll
0x00007ffa41180000 - 0x00007ffa411ae000 	C:\WINDOWS\SYSTEM32\Wldp.dll
0x00007ffa436f0000 - 0x00007ffa4379d000 	C:\WINDOWS\System32\SHCORE.dll
0x00007ffa42310000 - 0x00007ffa42365000 	C:\WINDOWS\System32\shlwapi.dll
0x00007ffa41740000 - 0x00007ffa4175f000 	C:\WINDOWS\SYSTEM32\profapi.dll

dbghelp: loaded successfully - version: 4.0.5 - missing functions: none
symbol engine: initialized successfully - sym options: 0x614 - pdb path: .;C:\Program Files\Java\jdk-20\bin;C:\WINDOWS\SYSTEM32;C:\WINDOWS\WinSxS\amd64_microsoft.windows.common-controls_6595b64144ccf1df_6.0.19041.1110_none_60b5254171f9507e;C:\Program Files\Java\jdk-20\bin\server

VM Arguments:
jvm_args: -Dfile.encoding=UTF-8 -Djava.security.policy=applet.policy --module-path=C:\Users\DELL\Documents\NetBeansProjects\bank management system1\build\classes 
java_command: bank.management.system1.Signuptwo
java_class_path (initial): C:\Users\DELL\Documents\NetBeansProjects\bank management system1\build\classes\jcalendar-tz-1.3.3-4.jar;C:\Users\DELL\Downloads\mysql-connector-java-8.0.28.jar;C:\Users\DELL\Documents\NetBeansProjects\bank management system1\build\classes
Launcher Type: SUN_STANDARD

[Global flags]
     intx CICompilerCount                          = 3                                         {product} {ergonomic}
     uint ConcGCThreads                            = 1                                         {product} {ergonomic}
     uint G1ConcRefinementThreads                  = 4                                         {product} {ergonomic}
   size_t G1HeapRegionSize                         = 1048576                                   {product} {ergonomic}
    uintx GCDrainStackTargetSize                   = 64                                        {product} {ergonomic}
   size_t InitialHeapSize                          = 65011712                                  {product} {ergonomic}
   size_t MarkStackSize                            = 4194304                                   {product} {ergonomic}
   size_t MaxHeapSize                              = 1040187392                                {product} {ergonomic}
   size_t MaxNewSize                               = 623902720                                 {product} {ergonomic}
   size_t MinHeapDeltaBytes                        = 1048576                                   {product} {ergonomic}
   size_t MinHeapSize                              = 8388608                                   {product} {ergonomic}
    uintx NonNMethodCodeHeapSize                   = 5832780                                {pd product} {ergonomic}
    uintx NonProfiledCodeHeapSize                  = 122912730                              {pd product} {ergonomic}
    uintx ProfiledCodeHeapSize                     = 122912730                              {pd product} {ergonomic}
    uintx ReservedCodeCacheSize                    = 251658240                              {pd product} {ergonomic}
     bool SegmentedCodeCache                       = true                                      {product} {ergonomic}
   size_t SoftMaxHeapSize                          = 1040187392                             {manageable} {ergonomic}
     bool UseCompressedClassPointers               = true                           {product lp64_product} {ergonomic}
     bool UseCompressedOops                        = true                           {product lp64_product} {ergonomic}
     bool UseG1GC                                  = true                                      {product} {ergonomic}
     bool UseLargePagesIndividualAllocation        = false                                  {pd product} {ergonomic}

Logging:
Log output configuration:
 #0: stdout all=warning uptime,level,tags foldmultilines=false
 #1: stderr all=off uptime,level,tags foldmultilines=false

Environment Variables:
PATH=C:\Program Files\Common Files\Oracle\Java\javapath;C:\WINDOWS\system32;C:\WINDOWS;C:\WINDOWS\System32\Wbem;C:\WINDOWS\System32\WindowsPowerShell\v1.0\;C:\WINDOWS\System32\OpenSSH\;C:\Program Files\Java\jdk-17\bin;C:\Program Files\Java\jdk-20\bin;C:\Program Files\MySQL\MySQL Shell 8.0\bin\;C:\Users\DELL\AppData\Local\Microsoft\WindowsApps;C:\Program Files\Java\jdk-20\bin;;C:\Program Files\JetBrains\IntelliJ IDEA Community Edition 2023.1\bin;
USERNAME=Raju Raj
OS=Windows_NT
PROCESSOR_IDENTIFIER=Intel64 Family 6 Model 142 Stepping 9, GenuineIntel
TMP=C:\Users\DELL\AppData\Local\Temp
TEMP=C:\Users\DELL\AppData\Local\Temp




---------------  S Y S T E M  ---------------

OS:
 Windows 10 , 64 bit Build 19041 (10.0.19041.2788)
OS uptime: 1 days 8:31 hours

CPU: total 4 (initial active 4) (2 cores per cpu, 2 threads per core) family 6 model 142 stepping 9 microcode 0xb4, cx8, cmov, fxsr, ht, mmx, 3dnowpref, sse, sse2, sse3, ssse3, sse4.1, sse4.2, popcnt, lzcnt, tsc, tscinvbit, avx, avx2, aes, erms, clmul, bmi1, bmi2, adx, fma, vzeroupper, clflush, clflushopt, rdtscp, f16c

Memory: 4k page, system-wide physical 3962M (512M free)
TotalPageFile size 16250M (AvailPageFile size 4M)
current process WorkingSet (physical memory assigned to process): 25M, peak: 25M
current process commit charge ("private bytes"): 124M, peak: 127M

vm_info: Java HotSpot(TM) 64-Bit Server VM (20+36-2344) for windows-amd64 JRE (20+36-2344), built on 2023-02-10T19:30:15Z by "mach5one" with MS VC++ 17.1 (VS2022)

END.
